<?xml version="1.0" encoding="UTF-8"?>
<testsuite xmlns:xsi="http://www.w3.org/2001/XMLSchema-instance" xsi:noNamespaceSchemaLocation="https://maven.apache.org/surefire/maven-surefire-plugin/xsd/surefire-test-report-3.0.xsd" version="3.0" name="com.renault.garage.controller.VehicleControllerIntegrationTest" time="4.451" tests="9" errors="0" skipped="0" failures="0">
  <properties>
[...]
</properties>
  <testcase name="shouldReturn400WhenInvalidVehicleDataProvided" classname="com.renault.garage.controller.VehicleControllerIntegrationTest" time="0.461">
    <system-out><![CDATA[21:04:26.744 [main] INFO org.springframework.test.context.support.AnnotationConfigContextLoaderUtils -- Could not detect default configuration classes for test class [com.renault.garage.controller.VehicleControllerIntegrationTest]: VehicleControllerIntegrationTest does not declare any static, non-private, non-final, nested classes annotated with @Configuration.
21:04:26.797 [main] INFO org.springframework.boot.test.context.SpringBootTestContextBootstrapper -- Found @SpringBootConfiguration com.renault.garage.GarageManagerApplication for test class com.renault.garage.controller.VehicleControllerIntegrationTest

  .   ____          _            __ _ _
 /\\ / ___'_ __ _ _(_)_ __  __ _ \ \ \ \
( ( )\___ | '_ | '_| | '_ \/ _` | \ \ \ \
 \\/  ___)| |_)| | | | | || (_| |  ) ) ) )
  '  |____| .__|_| |_|_| |_\__, | / / / /
 =========|_|==============|___/=/_/_/_/
 :: Spring Boot ::                (v3.2.1)

2025-06-21T21:04:27.108+02:00  INFO 33435 --- [           main] k.utils.Log4jControllerRegistration$     : Registered kafka:type=kafka.Log4jController MBean
2025-06-21T21:04:27.121+02:00  INFO 33435 --- [           main] org.apache.zookeeper.common.X509Util     : Setting -D jdk.tls.rejectClientInitiatedRenegotiation=true to disable client-initiated TLS renegotiation
2025-06-21T21:04:27.172+02:00  INFO 33435 --- [-kit-executor-1] kafka.server.ControllerServer            : Formatting /var/folders/ph/gv4vgc5d17n07t_4t6_6bylh0000gn/T/kafka-15505775074459252661/controller_0 with metadata.version 3.3-IV0.
2025-06-21T21:04:27.173+02:00  INFO 33435 --- [-kit-executor-3] kafka.server.BrokerServer                : [BrokerServer id=0] Transition from SHUTDOWN to STARTING
2025-06-21T21:04:27.173+02:00  INFO 33435 --- [-kit-executor-2] kafka.server.ControllerServer            : [ControllerServer id=0] Starting controller
2025-06-21T21:04:27.173+02:00  INFO 33435 --- [-kit-executor-3] kafka.server.SharedServer                : [SharedServer id=0] Starting SharedServer
2025-06-21T21:04:27.212+02:00  INFO 33435 --- [-kit-executor-3] kafka.log.UnifiedLog$                    : [LogLoader partition=__cluster_metadata-0, dir=/var/folders/ph/gv4vgc5d17n07t_4t6_6bylh0000gn/T/kafka-15505775074459252661/controller_0] Loading producer state till offset 0 with message format version 2
2025-06-21T21:04:27.212+02:00  INFO 33435 --- [-kit-executor-3] kafka.log.UnifiedLog$                    : [LogLoader partition=__cluster_metadata-0, dir=/var/folders/ph/gv4vgc5d17n07t_4t6_6bylh0000gn/T/kafka-15505775074459252661/controller_0] Reloading from producer snapshot and rebuilding producer state from offset 0
2025-06-21T21:04:27.212+02:00  INFO 33435 --- [-kit-executor-3] kafka.log.UnifiedLog$                    : [LogLoader partition=__cluster_metadata-0, dir=/var/folders/ph/gv4vgc5d17n07t_4t6_6bylh0000gn/T/kafka-15505775074459252661/controller_0] Producer state recovery took 0ms for snapshot load and 0ms for segment recovery from offset 0
2025-06-21T21:04:27.229+02:00  INFO 33435 --- [-kit-executor-3] kafka.raft.KafkaMetadataLog$             : Initialized snapshots with IDs SortedSet() from /var/folders/ph/gv4vgc5d17n07t_4t6_6bylh0000gn/T/kafka-15505775074459252661/controller_0/__cluster_metadata-0
2025-06-21T21:04:27.241+02:00  INFO 33435 --- [piration-reaper] ExpirationService$ExpiredOperationReaper : [raft-expiration-reaper]: Starting
2025-06-21T21:04:27.306+02:00  INFO 33435 --- [-kit-executor-2] kafka.network.ConnectionQuotas           : Updated connection-accept-rate max connection creation rate to 2147483647
2025-06-21T21:04:27.315+02:00  INFO 33435 --- [-kit-executor-2] kafka.network.DataPlaneAcceptor          : Awaiting socket connections on localhost:53184.
2025-06-21T21:04:27.315+02:00  INFO 33435 --- [-kit-executor-2] kafka.network.DataPlaneAcceptor          : Opened wildcard endpoint localhost:53184
2025-06-21T21:04:27.321+02:00  INFO 33435 --- [-kit-executor-2] kafka.network.SocketServer               : [SocketServer listenerType=CONTROLLER, nodeId=0] Created data-plane acceptor and processors for endpoint : ListenerName(CONTROLLER)
2025-06-21T21:04:27.322+02:00  INFO 33435 --- [-request-thread] kafka.raft.RaftSendThread                : [kafka-0-raft-outbound-request-thread]: Starting
2025-06-21T21:04:27.323+02:00  INFO 33435 --- [-raft-io-thread] k.raft.KafkaRaftManager$RaftIoThread     : [kafka-0-raft-io-thread]: Starting
2025-06-21T21:04:27.332+02:00  INFO 33435 --- [-kit-executor-3] kafka.server.BrokerServer                : [BrokerServer id=0] Starting broker
2025-06-21T21:04:27.332+02:00  INFO 33435 --- [-kit-executor-2] kafka.server.ControllerServer            : [ControllerServer id=0] Waiting for controller quorum voters future
2025-06-21T21:04:27.332+02:00  INFO 33435 --- [-kit-executor-2] kafka.server.ControllerServer            : [ControllerServer id=0] Finished waiting for controller quorum voters future
2025-06-21T21:04:27.339+02:00  INFO 33435 --- [nelReaper-Fetch] lientQuotaManager$ThrottledChannelReaper : [broker-0-ThrottledChannelReaper-Fetch]: Starting
2025-06-21T21:04:27.339+02:00  INFO 33435 --- [lReaper-Produce] lientQuotaManager$ThrottledChannelReaper : [broker-0-ThrottledChannelReaper-Produce]: Starting
2025-06-21T21:04:27.339+02:00  INFO 33435 --- [lReaper-Request] lientQuotaManager$ThrottledChannelReaper : [broker-0-ThrottledChannelReaper-Request]: Starting
2025-06-21T21:04:27.340+02:00  INFO 33435 --- [trollerMutation] lientQuotaManager$ThrottledChannelReaper : [broker-0-ThrottledChannelReaper-ControllerMutation]: Starting
2025-06-21T21:04:27.344+02:00  INFO 33435 --- [nelReaper-Fetch] lientQuotaManager$ThrottledChannelReaper : [controller-0-ThrottledChannelReaper-Fetch]: Starting
2025-06-21T21:04:27.344+02:00  INFO 33435 --- [lReaper-Request] lientQuotaManager$ThrottledChannelReaper : [controller-0-ThrottledChannelReaper-Request]: Starting
2025-06-21T21:04:27.344+02:00  INFO 33435 --- [lReaper-Produce] lientQuotaManager$ThrottledChannelReaper : [controller-0-ThrottledChannelReaper-Produce]: Starting
2025-06-21T21:04:27.345+02:00  INFO 33435 --- [trollerMutation] lientQuotaManager$ThrottledChannelReaper : [controller-0-ThrottledChannelReaper-ControllerMutation]: Starting
2025-06-21T21:04:27.346+02:00  INFO 33435 --- [-kit-executor-3] kafka.log.LogManager                     : Log directory /var/folders/ph/gv4vgc5d17n07t_4t6_6bylh0000gn/T/kafka-15505775074459252661/broker_0_data0 not found, creating it.
2025-06-21T21:04:27.347+02:00  WARN 33435 --- [0-event-handler] o.a.kafka.controller.QuorumController    : [QuorumController id=0] Performing controller activation. The metadata log appears to be empty. Appending 1 bootstrap record(s) in metadata transaction at metadata.version 3.6-IV2 from bootstrap source 'testkit'. Setting the ZK migration state to NONE since this is a de-novo KRaft cluster.
2025-06-21T21:04:27.351+02:00  INFO 33435 --- [per-0-AlterAcls] perationPurgatory$ExpiredOperationReaper : [ExpirationReaper-0-AlterAcls]: Starting
2025-06-21T21:04:27.351+02:00  INFO 33435 --- [-kit-executor-3] kafka.server.BrokerServer                : [BrokerServer id=0] Waiting for controller quorum voters future
2025-06-21T21:04:27.351+02:00  INFO 33435 --- [-kit-executor-3] kafka.server.BrokerServer                : [BrokerServer id=0] Finished waiting for controller quorum voters future
2025-06-21T21:04:27.356+02:00  INFO 33435 --- [channel-manager] k.s.BrokerToControllerRequestThread      : [broker-0-to-controller-forwarding-channel-manager]: Starting
2025-06-21T21:04:27.357+02:00  INFO 33435 --- [channel-manager] k.s.BrokerToControllerRequestThread      : [broker-0-to-controller-forwarding-channel-manager]: Recorded new controller, from now on will use node localhost:53184 (id: 0 rack: null)
2025-06-21T21:04:27.357+02:00  INFO 33435 --- [-kit-executor-2] kafka.server.ControllerServer            : [ControllerServer id=0] Waiting for the controller metadata publishers to be installed
2025-06-21T21:04:27.357+02:00  INFO 33435 --- [-kit-executor-2] kafka.server.ControllerServer            : [ControllerServer id=0] Finished waiting for the controller metadata publishers to be installed
2025-06-21T21:04:27.357+02:00  INFO 33435 --- [-kit-executor-2] kafka.network.SocketServer               : [SocketServer listenerType=CONTROLLER, nodeId=0] Enabling request processing.
2025-06-21T21:04:27.359+02:00  INFO 33435 --- [-kit-executor-2] kafka.server.ControllerServer            : [ControllerServer id=0] Waiting for all of the authorizer futures to be completed
2025-06-21T21:04:27.359+02:00  INFO 33435 --- [-kit-executor-2] kafka.server.ControllerServer            : [ControllerServer id=0] Finished waiting for all of the authorizer futures to be completed
2025-06-21T21:04:27.359+02:00  INFO 33435 --- [-kit-executor-2] kafka.server.ControllerServer            : [ControllerServer id=0] Waiting for all of the SocketServer Acceptors to be started
2025-06-21T21:04:27.359+02:00  INFO 33435 --- [-kit-executor-2] kafka.server.ControllerServer            : [ControllerServer id=0] Finished waiting for all of the SocketServer Acceptors to be started
2025-06-21T21:04:27.367+02:00  INFO 33435 --- [-kit-executor-3] kafka.network.ConnectionQuotas           : Updated connection-accept-rate max connection creation rate to 2147483647
2025-06-21T21:04:27.367+02:00  INFO 33435 --- [-kit-executor-3] kafka.network.DataPlaneAcceptor          : Awaiting socket connections on localhost:53185.
2025-06-21T21:04:27.367+02:00  INFO 33435 --- [-kit-executor-3] kafka.network.DataPlaneAcceptor          : Opened wildcard endpoint localhost:53185
2025-06-21T21:04:27.368+02:00  INFO 33435 --- [-kit-executor-3] kafka.network.SocketServer               : [SocketServer listenerType=BROKER, nodeId=0] Created data-plane acceptor and processors for endpoint : ListenerName(EXTERNAL)
2025-06-21T21:04:27.369+02:00  INFO 33435 --- [channel-manager] k.s.BrokerToControllerRequestThread      : [broker-0-to-controller-alter-partition-channel-manager]: Starting
2025-06-21T21:04:27.369+02:00  INFO 33435 --- [channel-manager] k.s.BrokerToControllerRequestThread      : [broker-0-to-controller-alter-partition-channel-manager]: Recorded new controller, from now on will use node localhost:53184 (id: 0 rack: null)
2025-06-21T21:04:27.377+02:00  INFO 33435 --- [eaper-0-Produce] perationPurgatory$ExpiredOperationReaper : [ExpirationReaper-0-Produce]: Starting
2025-06-21T21:04:27.377+02:00  INFO 33435 --- [nReaper-0-Fetch] perationPurgatory$ExpiredOperationReaper : [ExpirationReaper-0-Fetch]: Starting
2025-06-21T21:04:27.378+02:00  INFO 33435 --- [0-DeleteRecords] perationPurgatory$ExpiredOperationReaper : [ExpirationReaper-0-DeleteRecords]: Starting
2025-06-21T21:04:27.378+02:00  INFO 33435 --- [r-0-ElectLeader] perationPurgatory$ExpiredOperationReaper : [ExpirationReaper-0-ElectLeader]: Starting
2025-06-21T21:04:27.378+02:00  INFO 33435 --- [r-0-RemoteFetch] perationPurgatory$ExpiredOperationReaper : [ExpirationReaper-0-RemoteFetch]: Starting
2025-06-21T21:04:27.385+02:00  INFO 33435 --- [per-0-Heartbeat] perationPurgatory$ExpiredOperationReaper : [ExpirationReaper-0-Heartbeat]: Starting
2025-06-21T21:04:27.386+02:00  INFO 33435 --- [per-0-Rebalance] perationPurgatory$ExpiredOperationReaper : [ExpirationReaper-0-Rebalance]: Starting
2025-06-21T21:04:27.399+02:00  INFO 33435 --- [channel-manager] k.s.BrokerToControllerRequestThread      : [broker-0-to-controller-heartbeat-channel-manager]: Starting
2025-06-21T21:04:27.399+02:00  INFO 33435 --- [channel-manager] k.s.BrokerToControllerRequestThread      : [broker-0-to-controller-heartbeat-channel-manager]: Recorded new controller, from now on will use node localhost:53184 (id: 0 rack: null)
2025-06-21T21:04:27.401+02:00  INFO 33435 --- [r-event-handler] kafka.server.BrokerLifecycleManager      : [BrokerLifecycleManager id=0] Incarnation 3av_3zLFSX6s35I-9IEO7g of broker 0 in cluster 6vKau6oBQAOUYofFbiF6DQ is now STARTING.
2025-06-21T21:04:27.409+02:00  INFO 33435 --- [per-0-AlterAcls] perationPurgatory$ExpiredOperationReaper : [ExpirationReaper-0-AlterAcls]: Starting
2025-06-21T21:04:27.416+02:00  INFO 33435 --- [-kit-executor-3] kafka.server.BrokerServer                : [BrokerServer id=0] Waiting for the broker metadata publishers to be installed
2025-06-21T21:04:27.416+02:00  INFO 33435 --- [-kit-executor-3] kafka.server.BrokerServer                : [BrokerServer id=0] Finished waiting for the broker metadata publishers to be installed
2025-06-21T21:04:27.416+02:00  INFO 33435 --- [-kit-executor-3] kafka.server.BrokerServer                : [BrokerServer id=0] Waiting for the controller to acknowledge that we are caught up
2025-06-21T21:04:27.416+02:00  INFO 33435 --- [r-event-handler] k.s.metadata.BrokerMetadataPublisher     : [BrokerMetadataPublisher id=0] Publishing initial metadata at offset OffsetAndEpoch(offset=4, epoch=1) with metadata.version 3.6-IV2.
2025-06-21T21:04:27.416+02:00  INFO 33435 --- [r-event-handler] kafka.log.LogManager                     : Loading logs from log dirs ArraySeq(/var/folders/ph/gv4vgc5d17n07t_4t6_6bylh0000gn/T/kafka-15505775074459252661/broker_0_data0)
2025-06-21T21:04:27.418+02:00  INFO 33435 --- [r-event-handler] kafka.log.LogManager                     : No logs found to be loaded in /var/folders/ph/gv4vgc5d17n07t_4t6_6bylh0000gn/T/kafka-15505775074459252661/broker_0_data0
2025-06-21T21:04:27.420+02:00  INFO 33435 --- [r-event-handler] kafka.log.LogManager                     : Loaded 0 logs in 3ms
2025-06-21T21:04:27.420+02:00  INFO 33435 --- [r-event-handler] kafka.log.LogManager                     : Starting log cleanup with a period of 300000 ms.
2025-06-21T21:04:27.420+02:00  INFO 33435 --- [r-event-handler] kafka.log.LogManager                     : Starting log flusher with a default period of 9223372036854775807 ms.
2025-06-21T21:04:27.424+02:00  INFO 33435 --- [r-event-handler] kafka.log.LogCleaner                     : Starting the log cleaner
2025-06-21T21:04:27.427+02:00  INFO 33435 --- [leaner-thread-0] kafka.log.LogCleaner$CleanerThread       : [kafka-log-cleaner-thread-0]: Starting
2025-06-21T21:04:27.427+02:00  INFO 33435 --- [rFailureHandler] k.s.ReplicaManager$LogDirFailureHandler  : [LogDirFailureHandler]: Starting
2025-06-21T21:04:27.428+02:00  INFO 33435 --- [nSenderThread-0] kafka.server.AddPartitionsToTxnManager   : [AddPartitionsToTxnSenderThread-0]: Starting
2025-06-21T21:04:27.428+02:00  INFO 33435 --- [r-event-handler] k.coordinator.group.GroupCoordinator     : [GroupCoordinator 0]: Starting up.
2025-06-21T21:04:27.429+02:00  INFO 33435 --- [r-event-handler] k.coordinator.group.GroupCoordinator     : [GroupCoordinator 0]: Startup complete.
2025-06-21T21:04:27.429+02:00  INFO 33435 --- [r-event-handler] k.c.transaction.TransactionCoordinator   : [TransactionCoordinator id=0] Starting up.
2025-06-21T21:04:27.429+02:00  INFO 33435 --- [rSenderThread-0] k.c.t.TransactionMarkerChannelManager    : [TxnMarkerSenderThread-0]: Starting
2025-06-21T21:04:27.429+02:00  INFO 33435 --- [r-event-handler] k.c.transaction.TransactionCoordinator   : [TransactionCoordinator id=0] Startup complete.
2025-06-21T21:04:27.430+02:00  INFO 33435 --- [r-event-handler] k.s.metadata.BrokerMetadataPublisher     : [BrokerMetadataPublisher id=0] Updating metadata.version to 14 at offset OffsetAndEpoch(offset=4, epoch=1).
2025-06-21T21:04:27.452+02:00  INFO 33435 --- [channel-manager] kafka.server.BrokerLifecycleManager      : [BrokerLifecycleManager id=0] Successfully registered broker 0 with broker epoch 5
2025-06-21T21:04:27.454+02:00  INFO 33435 --- [channel-manager] kafka.server.BrokerLifecycleManager      : [BrokerLifecycleManager id=0] The broker has caught up. Transitioning from STARTING to RECOVERY.
2025-06-21T21:04:27.454+02:00  INFO 33435 --- [-kit-executor-3] kafka.server.BrokerServer                : [BrokerServer id=0] Finished waiting for the controller to acknowledge that we are caught up
2025-06-21T21:04:27.454+02:00  INFO 33435 --- [-kit-executor-3] kafka.server.BrokerServer                : [BrokerServer id=0] Waiting for the initial broker metadata update to be published
2025-06-21T21:04:27.454+02:00  INFO 33435 --- [-kit-executor-3] kafka.server.BrokerServer                : [BrokerServer id=0] Finished waiting for the initial broker metadata update to be published
2025-06-21T21:04:27.454+02:00  INFO 33435 --- [-kit-executor-3] kafka.server.KafkaConfig                 : KafkaConfig values: 
	advertised.listeners = null
	alter.config.policy.class.name = null
	alter.log.dirs.replication.quota.window.num = 11
	alter.log.dirs.replication.quota.window.size.seconds = 1
	authorizer.class.name = 
	auto.create.topics.enable = true
	auto.include.jmx.reporter = true
	auto.leader.rebalance.enable = true
	background.threads = 10
	broker.heartbeat.interval.ms = 2000
	broker.id = 0
	broker.id.generation.enable = true
	broker.rack = null
	broker.session.timeout.ms = 9000
	client.quota.callback.class = null
	compression.type = producer
	connection.failed.authentication.delay.ms = 100
	connections.max.idle.ms = 600000
	connections.max.reauth.ms = 0
	control.plane.listener.name = null
	controlled.shutdown.enable = true
	controlled.shutdown.max.retries = 3
	controlled.shutdown.retry.backoff.ms = 5000
	controller.listener.names = CONTROLLER
	controller.quorum.append.linger.ms = 25
	controller.quorum.election.backoff.max.ms = 1000
	controller.quorum.election.timeout.ms = 1000
	controller.quorum.fetch.timeout.ms = 2000
	controller.quorum.request.timeout.ms = 2000
	controller.quorum.retry.backoff.ms = 20
	controller.quorum.voters = [0@0.0.0.0:0]
	controller.quota.window.num = 11
	controller.quota.window.size.seconds = 1
	controller.socket.timeout.ms = 30000
	create.topic.policy.class.name = null
	default.replication.factor = 1
	delegation.token.expiry.check.interval.ms = 3600000
	delegation.token.expiry.time.ms = 86400000
	delegation.token.master.key = null
	delegation.token.max.lifetime.ms = 604800000
	delegation.token.secret.key = null
	delete.records.purgatory.purge.interval.requests = 1
	delete.topic.enable = true
	early.start.listeners = null
	fetch.max.bytes = 57671680
	fetch.purgatory.purge.interval.requests = 1000
	group.consumer.assignors = [org.apache.kafka.coordinator.group.assignor.RangeAssignor]
	group.consumer.heartbeat.interval.ms = 5000
	group.consumer.max.heartbeat.interval.ms = 15000
	group.consumer.max.session.timeout.ms = 60000
	group.consumer.max.size = 2147483647
	group.consumer.min.heartbeat.interval.ms = 5000
	group.consumer.min.session.timeout.ms = 45000
	group.consumer.session.timeout.ms = 45000
	group.coordinator.new.enable = false
	group.coordinator.threads = 1
	group.initial.rebalance.delay.ms = 0
	group.max.session.timeout.ms = 1800000
	group.max.size = 2147483647
	group.min.session.timeout.ms = 6000
	initial.broker.registration.timeout.ms = 60000
	inter.broker.listener.name = EXTERNAL
	inter.broker.protocol.version = 3.6-IV2
	kafka.metrics.polling.interval.secs = 10
	kafka.metrics.reporters = []
	leader.imbalance.check.interval.seconds = 300
	leader.imbalance.per.broker.percentage = 10
	listener.security.protocol.map = EXTERNAL:PLAINTEXT,CONTROLLER:PLAINTEXT
	listeners = EXTERNAL://localhost:0,CONTROLLER://localhost:0
	log.cleaner.backoff.ms = 15000
	log.cleaner.dedupe.buffer.size = 2097152
	log.cleaner.delete.retention.ms = 86400000
	log.cleaner.enable = true
	log.cleaner.io.buffer.load.factor = 0.9
	log.cleaner.io.buffer.size = 524288
	log.cleaner.io.max.bytes.per.second = 1.7976931348623157E308
	log.cleaner.max.compaction.lag.ms = 9223372036854775807
	log.cleaner.min.cleanable.ratio = 0.5
	log.cleaner.min.compaction.lag.ms = 0
	log.cleaner.threads = 1
	log.cleanup.policy = [delete]
	log.dir = /tmp/kafka-logs
	log.dirs = /var/folders/ph/gv4vgc5d17n07t_4t6_6bylh0000gn/T/kafka-15505775074459252661/broker_0_data0
	log.flush.interval.messages = 9223372036854775807
	log.flush.interval.ms = null
	log.flush.offset.checkpoint.interval.ms = 60000
	log.flush.scheduler.interval.ms = 9223372036854775807
	log.flush.start.offset.checkpoint.interval.ms = 60000
	log.index.interval.bytes = 4096
	log.index.size.max.bytes = 10485760
	log.local.retention.bytes = -2
	log.local.retention.ms = -2
	log.message.downconversion.enable = true
	log.message.format.version = 3.0-IV1
	log.message.timestamp.after.max.ms = 9223372036854775807
	log.message.timestamp.before.max.ms = 9223372036854775807
	log.message.timestamp.difference.max.ms = 9223372036854775807
	log.message.timestamp.type = CreateTime
	log.preallocate = false
	log.retention.bytes = -1
	log.retention.check.interval.ms = 300000
	log.retention.hours = 168
	log.retention.minutes = null
	log.retention.ms = null
	log.roll.hours = 168
	log.roll.jitter.hours = 0
	log.roll.jitter.ms = null
	log.roll.ms = null
	log.segment.bytes = 1073741824
	log.segment.delete.delay.ms = 60000
	max.connection.creation.rate = 2147483647
	max.connections = 2147483647
	max.connections.per.ip = 2147483647
	max.connections.per.ip.overrides = 
	max.incremental.fetch.session.cache.slots = 1000
	message.max.bytes = 1048588
	metadata.log.dir = /var/folders/ph/gv4vgc5d17n07t_4t6_6bylh0000gn/T/kafka-15505775074459252661/controller_0
	metadata.log.max.record.bytes.between.snapshots = 20971520
	metadata.log.max.snapshot.interval.ms = 3600000
	metadata.log.segment.bytes = 1073741824
	metadata.log.segment.min.bytes = 8388608
	metadata.log.segment.ms = 604800000
	metadata.max.idle.interval.ms = 500
	metadata.max.retention.bytes = 104857600
	metadata.max.retention.ms = 604800000
	metric.reporters = []
	metrics.num.samples = 2
	metrics.recording.level = INFO
	metrics.sample.window.ms = 30000
	min.insync.replicas = 1
	node.id = 0
	num.io.threads = 8
	num.network.threads = 3
	num.partitions = 1
	num.recovery.threads.per.data.dir = 1
	num.replica.alter.log.dirs.threads = null
	num.replica.fetchers = 1
	offset.metadata.max.bytes = 4096
	offsets.commit.required.acks = -1
	offsets.commit.timeout.ms = 5000
	offsets.load.buffer.size = 5242880
	offsets.retention.check.interval.ms = 600000
	offsets.retention.minutes = 10080
	offsets.topic.compression.codec = 0
	offsets.topic.num.partitions = 50
	offsets.topic.replication.factor = 1
	offsets.topic.segment.bytes = 104857600
	password.encoder.cipher.algorithm = AES/CBC/PKCS5Padding
	password.encoder.iterations = 4096
	password.encoder.key.length = 128
	password.encoder.keyfactory.algorithm = null
	password.encoder.old.secret = null
	password.encoder.secret = null
	principal.builder.class = class org.apache.kafka.common.security.authenticator.DefaultKafkaPrincipalBuilder
	process.roles = [broker, controller]
	producer.id.expiration.check.interval.ms = 600000
	producer.id.expiration.ms = 86400000
	producer.purgatory.purge.interval.requests = 1000
	queued.max.request.bytes = -1
	queued.max.requests = 500
	quota.window.num = 11
	quota.window.size.seconds = 1
	remote.log.index.file.cache.total.size.bytes = 1073741824
	remote.log.manager.task.interval.ms = 30000
	remote.log.manager.task.retry.backoff.max.ms = 30000
	remote.log.manager.task.retry.backoff.ms = 500
	remote.log.manager.task.retry.jitter = 0.2
	remote.log.manager.thread.pool.size = 10
	remote.log.metadata.custom.metadata.max.bytes = 128
	remote.log.metadata.manager.class.name = org.apache.kafka.server.log.remote.metadata.storage.TopicBasedRemoteLogMetadataManager
	remote.log.metadata.manager.class.path = null
	remote.log.metadata.manager.impl.prefix = rlmm.config.
	remote.log.metadata.manager.listener.name = null
	remote.log.reader.max.pending.tasks = 100
	remote.log.reader.threads = 10
	remote.log.storage.manager.class.name = null
	remote.log.storage.manager.class.path = null
	remote.log.storage.manager.impl.prefix = rsm.config.
	remote.log.storage.system.enable = false
	replica.fetch.backoff.ms = 1000
	replica.fetch.max.bytes = 1048576
	replica.fetch.min.bytes = 1
	replica.fetch.response.max.bytes = 10485760
	replica.fetch.wait.max.ms = 500
	replica.high.watermark.checkpoint.interval.ms = 5000
	replica.lag.time.max.ms = 30000
	replica.selector.class = null
	replica.socket.receive.buffer.bytes = 65536
	replica.socket.timeout.ms = 30000
	replication.quota.window.num = 11
	replication.quota.window.size.seconds = 1
	request.timeout.ms = 30000
	reserved.broker.max.id = 1000
	sasl.client.callback.handler.class = null
	sasl.enabled.mechanisms = [GSSAPI]
	sasl.jaas.config = null
	sasl.kerberos.kinit.cmd = /usr/bin/kinit
	sasl.kerberos.min.time.before.relogin = 60000
	sasl.kerberos.principal.to.local.rules = [DEFAULT]
	sasl.kerberos.service.name = null
	sasl.kerberos.ticket.renew.jitter = 0.05
	sasl.kerberos.ticket.renew.window.factor = 0.8
	sasl.login.callback.handler.class = null
	sasl.login.class = null
	sasl.login.connect.timeout.ms = null
	sasl.login.read.timeout.ms = null
	sasl.login.refresh.buffer.seconds = 300
	sasl.login.refresh.min.period.seconds = 60
	sasl.login.refresh.window.factor = 0.8
	sasl.login.refresh.window.jitter = 0.05
	sasl.login.retry.backoff.max.ms = 10000
	sasl.login.retry.backoff.ms = 100
	sasl.mechanism.controller.protocol = GSSAPI
	sasl.mechanism.inter.broker.protocol = GSSAPI
	sasl.oauthbearer.clock.skew.seconds = 30
	sasl.oauthbearer.expected.audience = null
	sasl.oauthbearer.expected.issuer = null
	sasl.oauthbearer.jwks.endpoint.refresh.ms = 3600000
	sasl.oauthbearer.jwks.endpoint.retry.backoff.max.ms = 10000
	sasl.oauthbearer.jwks.endpoint.retry.backoff.ms = 100
	sasl.oauthbearer.jwks.endpoint.url = null
	sasl.oauthbearer.scope.claim.name = scope
	sasl.oauthbearer.sub.claim.name = sub
	sasl.oauthbearer.token.endpoint.url = null
	sasl.server.callback.handler.class = null
	sasl.server.max.receive.size = 524288
	security.inter.broker.protocol = PLAINTEXT
	security.providers = null
	server.max.startup.time.ms = 600000
	socket.connection.setup.timeout.max.ms = 30000
	socket.connection.setup.timeout.ms = 10000
	socket.listen.backlog.size = 50
	socket.receive.buffer.bytes = 102400
	socket.request.max.bytes = 104857600
	socket.send.buffer.bytes = 102400
	ssl.cipher.suites = []
	ssl.client.auth = none
	ssl.enabled.protocols = [TLSv1.2, TLSv1.3]
	ssl.endpoint.identification.algorithm = https
	ssl.engine.factory.class = null
	ssl.key.password = null
	ssl.keymanager.algorithm = SunX509
	ssl.keystore.certificate.chain = null
	ssl.keystore.key = null
	ssl.keystore.location = null
	ssl.keystore.password = null
	ssl.keystore.type = JKS
	ssl.principal.mapping.rules = DEFAULT
	ssl.protocol = TLSv1.3
	ssl.provider = null
	ssl.secure.random.implementation = null
	ssl.trustmanager.algorithm = PKIX
	ssl.truststore.certificates = null
	ssl.truststore.location = null
	ssl.truststore.password = null
	ssl.truststore.type = JKS
	transaction.abort.timed.out.transaction.cleanup.interval.ms = 10000
	transaction.max.timeout.ms = 900000
	transaction.partition.verification.enable = true
	transaction.remove.expired.transaction.cleanup.interval.ms = 3600000
	transaction.state.log.load.buffer.size = 5242880
	transaction.state.log.min.isr = 2
	transaction.state.log.num.partitions = 50
	transaction.state.log.replication.factor = 3
	transaction.state.log.segment.bytes = 104857600
	transactional.id.expiration.ms = 604800000
	unclean.leader.election.enable = false
	unstable.api.versions.enable = false
	zookeeper.clientCnxnSocket = null
	zookeeper.connect = null
	zookeeper.connection.timeout.ms = null
	zookeeper.max.in.flight.requests = 10
	zookeeper.metadata.migration.enable = false
	zookeeper.session.timeout.ms = 18000
	zookeeper.set.acl = false
	zookeeper.ssl.cipher.suites = null
	zookeeper.ssl.client.enable = false
	zookeeper.ssl.crl.enable = false
	zookeeper.ssl.enabled.protocols = null
	zookeeper.ssl.endpoint.identification.algorithm = HTTPS
	zookeeper.ssl.keystore.location = null
	zookeeper.ssl.keystore.password = null
	zookeeper.ssl.keystore.type = null
	zookeeper.ssl.ocsp.enable = false
	zookeeper.ssl.protocol = TLSv1.2
	zookeeper.ssl.truststore.location = null
	zookeeper.ssl.truststore.password = null
	zookeeper.ssl.truststore.type = null

2025-06-21T21:04:27.457+02:00  INFO 33435 --- [-kit-executor-3] kafka.server.BrokerServer                : [BrokerServer id=0] Waiting for the broker to be unfenced
2025-06-21T21:04:27.490+02:00  INFO 33435 --- [channel-manager] kafka.server.BrokerLifecycleManager      : [BrokerLifecycleManager id=0] The broker has been unfenced. Transitioning from RECOVERY to RUNNING.
2025-06-21T21:04:27.490+02:00  INFO 33435 --- [-kit-executor-3] kafka.server.BrokerServer                : [BrokerServer id=0] Finished waiting for the broker to be unfenced
2025-06-21T21:04:27.490+02:00  INFO 33435 --- [-kit-executor-3] kafka.network.SocketServer               : [SocketServer listenerType=BROKER, nodeId=0] Enabling request processing.
2025-06-21T21:04:27.490+02:00  INFO 33435 --- [-kit-executor-3] kafka.server.BrokerServer                : [BrokerServer id=0] Waiting for all of the authorizer futures to be completed
2025-06-21T21:04:27.491+02:00  INFO 33435 --- [-kit-executor-3] kafka.server.BrokerServer                : [BrokerServer id=0] Finished waiting for all of the authorizer futures to be completed
2025-06-21T21:04:27.491+02:00  INFO 33435 --- [-kit-executor-3] kafka.server.BrokerServer                : [BrokerServer id=0] Waiting for all of the SocketServer Acceptors to be started
2025-06-21T21:04:27.491+02:00  INFO 33435 --- [-kit-executor-3] kafka.server.BrokerServer                : [BrokerServer id=0] Finished waiting for all of the SocketServer Acceptors to be started
2025-06-21T21:04:27.491+02:00  INFO 33435 --- [-kit-executor-3] kafka.server.BrokerServer                : [BrokerServer id=0] Transition from STARTING to STARTED
2025-06-21T21:04:27.550+02:00  INFO 33435 --- [r-event-handler] state.change.logger                      : [Broker id=0] Transitioning 1 partition(s) to local leaders.
2025-06-21T21:04:27.551+02:00  INFO 33435 --- [r-event-handler] kafka.server.ReplicaFetcherManager       : [ReplicaFetcherManager on broker 0] Removed fetcher for partitions Set(vehicle-events-0)
2025-06-21T21:04:27.551+02:00  INFO 33435 --- [r-event-handler] state.change.logger                      : [Broker id=0] Creating new partition vehicle-events-0 with topic id Y9FBy2XwT86wxWO_hTjEwg.
2025-06-21T21:04:27.556+02:00  INFO 33435 --- [           main] c.r.g.c.VehicleControllerIntegrationTest : Starting VehicleControllerIntegrationTest using Java 17.0.4.1 with PID 33435 (started by amineabbaoui in /Users/amineabbaoui/Documents/workspaces/amineabbaouiws/garagemanagerms)
2025-06-21T21:04:27.557+02:00  INFO 33435 --- [           main] c.r.g.c.VehicleControllerIntegrationTest : The following 1 profile is active: "test"
2025-06-21T21:04:27.558+02:00  INFO 33435 --- [r-event-handler] kafka.log.UnifiedLog$                    : [LogLoader partition=vehicle-events-0, dir=/var/folders/ph/gv4vgc5d17n07t_4t6_6bylh0000gn/T/kafka-15505775074459252661/broker_0_data0] Loading producer state till offset 0 with message format version 2
2025-06-21T21:04:27.558+02:00  INFO 33435 --- [r-event-handler] kafka.log.LogManager                     : Created log for partition vehicle-events-0 in /var/folders/ph/gv4vgc5d17n07t_4t6_6bylh0000gn/T/kafka-15505775074459252661/broker_0_data0/vehicle-events-0 with properties {}
2025-06-21T21:04:27.559+02:00  INFO 33435 --- [r-event-handler] kafka.cluster.Partition                  : [Partition vehicle-events-0 broker=0] No checkpointed highwatermark is found for partition vehicle-events-0
2025-06-21T21:04:27.559+02:00  INFO 33435 --- [r-event-handler] kafka.cluster.Partition                  : [Partition vehicle-events-0 broker=0] Log loaded for partition vehicle-events-0 with initial high watermark 0
2025-06-21T21:04:27.560+02:00  INFO 33435 --- [r-event-handler] state.change.logger                      : [Broker id=0] Leader vehicle-events-0 with topic id Some(Y9FBy2XwT86wxWO_hTjEwg) starts at leader epoch 0 from offset 0 with partition epoch 0, high watermark 0, ISR [0], adding replicas [] and removing replicas [] . Previous leader None and previous leader epoch was -1.
2025-06-21T21:04:27.846+02:00  INFO 33435 --- [           main] .s.d.r.c.RepositoryConfigurationDelegate : Bootstrapping Spring Data JPA repositories in DEFAULT mode.
2025-06-21T21:04:27.875+02:00  INFO 33435 --- [           main] .s.d.r.c.RepositoryConfigurationDelegate : Finished Spring Data repository scanning in 23 ms. Found 4 JPA repository interfaces.
2025-06-21T21:04:27.920+02:00  INFO 33435 --- [           main] beddedDataSourceBeanFactoryPostProcessor : Replacing 'dataSource' DataSource bean with embedded version
2025-06-21T21:04:28.039+02:00  INFO 33435 --- [           main] o.s.j.d.e.EmbeddedDatabaseFactory        : Starting embedded database: url='jdbc:h2:mem:4b237412-1b5b-4a3a-a8cc-6ac01cb6f596;DB_CLOSE_DELAY=-1;DB_CLOSE_ON_EXIT=false', username='sa'
2025-06-21T21:04:28.137+02:00  INFO 33435 --- [           main] o.hibernate.jpa.internal.util.LogHelper  : HHH000204: Processing PersistenceUnitInfo [name: default]
2025-06-21T21:04:28.157+02:00  INFO 33435 --- [           main] org.hibernate.Version                    : HHH000412: Hibernate ORM core version 6.4.1.Final
2025-06-21T21:04:28.169+02:00  INFO 33435 --- [           main] o.h.c.internal.RegionFactoryInitiator    : HHH000026: Second-level cache disabled
2025-06-21T21:04:28.257+02:00  INFO 33435 --- [           main] o.s.o.j.p.SpringPersistenceUnitInfo      : No LoadTimeWeaver setup: ignoring JPA class transformer
2025-06-21T21:04:28.275+02:00  WARN 33435 --- [           main] org.hibernate.orm.deprecation            : HHH90000025: H2Dialect does not need to be specified explicitly using 'hibernate.dialect' (remove the property setting and it will be selected by default)
2025-06-21T21:04:28.702+02:00  INFO 33435 --- [           main] o.h.e.t.j.p.i.JtaPlatformInitiator       : HHH000489: No JTA platform available (set 'hibernate.transaction.jta.platform' to enable JTA platform integration)
2025-06-21T21:04:28.707+02:00 DEBUG 33435 --- [           main] org.hibernate.SQL                        : 
    drop table if exists accessory cascade 
Hibernate: 
    drop table if exists accessory cascade 
2025-06-21T21:04:28.708+02:00 DEBUG 33435 --- [           main] org.hibernate.SQL                        : 
    drop table if exists garage_opening_hours cascade 
Hibernate: 
    drop table if exists garage_opening_hours cascade 
2025-06-21T21:04:28.708+02:00 DEBUG 33435 --- [           main] org.hibernate.SQL                        : 
    drop table if exists garages cascade 
Hibernate: 
    drop table if exists garages cascade 
2025-06-21T21:04:28.708+02:00 DEBUG 33435 --- [           main] org.hibernate.SQL                        : 
    drop table if exists garage_vehicle cascade 
Hibernate: 
    drop table if exists garage_vehicle cascade 
2025-06-21T21:04:28.708+02:00 DEBUG 33435 --- [           main] org.hibernate.SQL                        : 
    drop table if exists opening_time cascade 
Hibernate: 
    drop table if exists opening_time cascade 
2025-06-21T21:04:28.708+02:00 DEBUG 33435 --- [           main] org.hibernate.SQL                        : 
    drop table if exists vehicle_accessory cascade 
Hibernate: 
    drop table if exists vehicle_accessory cascade 
2025-06-21T21:04:28.708+02:00 DEBUG 33435 --- [           main] org.hibernate.SQL                        : 
    drop table if exists vehicles cascade 
Hibernate: 
    drop table if exists vehicles cascade 
2025-06-21T21:04:28.710+02:00 DEBUG 33435 --- [           main] org.hibernate.SQL                        : 
    create table accessory (
        price numeric(10,2) not null,
        id bigint generated by default as identity,
        type varchar(50) not null,
        name varchar(100) not null,
        description TEXT,
        primary key (id)
    )
Hibernate: 
    create table accessory (
        price numeric(10,2) not null,
        id bigint generated by default as identity,
        type varchar(50) not null,
        name varchar(100) not null,
        description TEXT,
        primary key (id)
    )
2025-06-21T21:04:28.714+02:00 DEBUG 33435 --- [           main] org.hibernate.SQL                        : 
    create table garage_opening_hours (
        garage_id bigint,
        id bigint generated by default as identity,
        day_of_week varchar(255) check (day_of_week in ('MONDAY','TUESDAY','WEDNESDAY','THURSDAY','FRIDAY','SATURDAY','SUNDAY')),
        primary key (id)
    )
Hibernate: 
    create table garage_opening_hours (
        garage_id bigint,
        id bigint generated by default as identity,
        day_of_week varchar(255) check (day_of_week in ('MONDAY','TUESDAY','WEDNESDAY','THURSDAY','FRIDAY','SATURDAY','SUNDAY')),
        primary key (id)
    )
2025-06-21T21:04:28.716+02:00 DEBUG 33435 --- [           main] org.hibernate.SQL                        : 
    create table garages (
        id bigint generated by default as identity,
        address varchar(255),
        email varchar(255),
        name varchar(255),
        phone varchar(255),
        primary key (id)
    )
Hibernate: 
    create table garages (
        id bigint generated by default as identity,
        address varchar(255),
        email varchar(255),
        name varchar(255),
        phone varchar(255),
        primary key (id)
    )
2025-06-21T21:04:28.717+02:00 DEBUG 33435 --- [           main] org.hibernate.SQL                        : 
    create table garage_vehicle (
        quantity integer,
        garage_id bigint,
        id bigint generated by default as identity,
        vehicle_id bigint,
        primary key (id)
    )
Hibernate: 
    create table garage_vehicle (
        quantity integer,
        garage_id bigint,
        id bigint generated by default as identity,
        vehicle_id bigint,
        primary key (id)
    )
2025-06-21T21:04:28.717+02:00 DEBUG 33435 --- [           main] org.hibernate.SQL                        : 
    create table opening_time (
        end_time time(6),
        start_time time(6),
        garage_opening_hours_id bigint,
        id bigint generated by default as identity,
        primary key (id)
    )
Hibernate: 
    create table opening_time (
        end_time time(6),
        start_time time(6),
        garage_opening_hours_id bigint,
        id bigint generated by default as identity,
        primary key (id)
    )
2025-06-21T21:04:28.718+02:00 DEBUG 33435 --- [           main] org.hibernate.SQL                        : 
    create table vehicle_accessory (
        accessory_id bigint not null,
        vehicle_id bigint not null
    )
Hibernate: 
    create table vehicle_accessory (
        accessory_id bigint not null,
        vehicle_id bigint not null
    )
2025-06-21T21:04:28.718+02:00 DEBUG 33435 --- [           main] org.hibernate.SQL                        : 
    create table vehicles (
        manufacture_year integer,
        id bigint generated by default as identity,
        fuel_type varchar(20) check (fuel_type in ('GASOLINE','DIESEL','ELECTRIC','HYBRID')),
        brand varchar(50) not null,
        primary key (id)
    )
Hibernate: 
    create table vehicles (
        manufacture_year integer,
        id bigint generated by default as identity,
        fuel_type varchar(20) check (fuel_type in ('GASOLINE','DIESEL','ELECTRIC','HYBRID')),
        brand varchar(50) not null,
        primary key (id)
    )
2025-06-21T21:04:28.719+02:00 DEBUG 33435 --- [           main] org.hibernate.SQL                        : 
    alter table if exists garage_opening_hours 
       add constraint FKj5wy0ghg0k5sw73brpkvkynyw 
       foreign key (garage_id) 
       references garages
Hibernate: 
    alter table if exists garage_opening_hours 
       add constraint FKj5wy0ghg0k5sw73brpkvkynyw 
       foreign key (garage_id) 
       references garages
2025-06-21T21:04:28.723+02:00 DEBUG 33435 --- [           main] org.hibernate.SQL                        : 
    alter table if exists garage_vehicle 
       add constraint FK3o91rujofd1fqfbj0miyumlkv 
       foreign key (garage_id) 
       references garages
Hibernate: 
    alter table if exists garage_vehicle 
       add constraint FK3o91rujofd1fqfbj0miyumlkv 
       foreign key (garage_id) 
       references garages
2025-06-21T21:04:28.724+02:00 DEBUG 33435 --- [           main] org.hibernate.SQL                        : 
    alter table if exists garage_vehicle 
       add constraint FKbjb4aflviat2ykxkkt8iy56i4 
       foreign key (vehicle_id) 
       references vehicles
Hibernate: 
    alter table if exists garage_vehicle 
       add constraint FKbjb4aflviat2ykxkkt8iy56i4 
       foreign key (vehicle_id) 
       references vehicles
2025-06-21T21:04:28.725+02:00 DEBUG 33435 --- [           main] org.hibernate.SQL                        : 
    alter table if exists opening_time 
       add constraint FK4s7yw8xeqkve1w0wsx5akxxnx 
       foreign key (garage_opening_hours_id) 
       references garage_opening_hours
Hibernate: 
    alter table if exists opening_time 
       add constraint FK4s7yw8xeqkve1w0wsx5akxxnx 
       foreign key (garage_opening_hours_id) 
       references garage_opening_hours
2025-06-21T21:04:28.725+02:00 DEBUG 33435 --- [           main] org.hibernate.SQL                        : 
    alter table if exists vehicle_accessory 
       add constraint FKan29jc8ycm08s1h8dr47exhm 
       foreign key (accessory_id) 
       references accessory
Hibernate: 
    alter table if exists vehicle_accessory 
       add constraint FKan29jc8ycm08s1h8dr47exhm 
       foreign key (accessory_id) 
       references accessory
2025-06-21T21:04:28.726+02:00 DEBUG 33435 --- [           main] org.hibernate.SQL                        : 
    alter table if exists vehicle_accessory 
       add constraint FKilh1gtw77ojgish4w5jyf3rl9 
       foreign key (vehicle_id) 
       references vehicles
Hibernate: 
    alter table if exists vehicle_accessory 
       add constraint FKilh1gtw77ojgish4w5jyf3rl9 
       foreign key (vehicle_id) 
       references vehicles
2025-06-21T21:04:28.728+02:00  INFO 33435 --- [           main] j.LocalContainerEntityManagerFactoryBean : Initialized JPA EntityManagerFactory for persistence unit 'default'
2025-06-21T21:04:28.851+02:00  INFO 33435 --- [           main] o.s.d.j.r.query.QueryEnhancerFactory     : Hibernate is in classpath; If applicable, HQL parser will be used.
2025-06-21T21:04:29.116+02:00  WARN 33435 --- [           main] JpaBaseConfiguration$JpaWebConfiguration : spring.jpa.open-in-view is enabled by default. Therefore, database queries may be performed during view rendering. Explicitly configure spring.jpa.open-in-view to disable this warning
2025-06-21T21:04:29.127+02:00  WARN 33435 --- [           main] .s.s.UserDetailsServiceAutoConfiguration : 

Using generated security password: 868913e2-a500-4065-a612-527fc536cfbb

This generated password is for development use only. Your security configuration must be updated before running your application in production.

2025-06-21T21:04:29.250+02:00  INFO 33435 --- [           main] o.s.s.web.DefaultSecurityFilterChain     : Will secure any request with [org.springframework.security.web.session.DisableEncodeUrlFilter@53ed864c, org.springframework.security.web.context.request.async.WebAsyncManagerIntegrationFilter@29514616, org.springframework.security.web.context.SecurityContextHolderFilter@6e3f38c1, org.springframework.security.web.header.HeaderWriterFilter@3564caf8, org.springframework.web.filter.CorsFilter@38ce90b4, org.springframework.security.web.authentication.logout.LogoutFilter@6ab80ea, org.springframework.security.web.authentication.www.BasicAuthenticationFilter@64e3d4ab, org.springframework.security.web.savedrequest.RequestCacheAwareFilter@d0c35a8, org.springframework.security.web.servletapi.SecurityContextHolderAwareRequestFilter@6fcd767a, org.springframework.security.web.authentication.AnonymousAuthenticationFilter@76fece79, org.springframework.security.web.access.ExceptionTranslationFilter@28908c04, org.springframework.security.web.access.intercept.AuthorizationFilter@741d2dda]
2025-06-21T21:04:29.425+02:00  INFO 33435 --- [           main] c.r.g.c.VehicleControllerIntegrationTest : Started VehicleControllerIntegrationTest in 2.579 seconds (process running for 3.011)
2025-06-21T21:04:29.428+02:00  INFO 33435 --- [quest-handler-5] k.s.DefaultAutoTopicCreationManager      : Sent auto-creation request for Set(__consumer_offsets) to the active controller.
2025-06-21T21:04:29.463+02:00  INFO 33435 --- [r-event-handler] state.change.logger                      : [Broker id=0] Transitioning 50 partition(s) to local leaders.
2025-06-21T21:04:29.463+02:00  INFO 33435 --- [r-event-handler] kafka.server.ReplicaFetcherManager       : [ReplicaFetcherManager on broker 0] Removed fetcher for partitions Set(__consumer_offsets-13, __consumer_offsets-46, __consumer_offsets-9, __consumer_offsets-42, __consumer_offsets-21, __consumer_offsets-17, __consumer_offsets-30, __consumer_offsets-26, __consumer_offsets-5, __consumer_offsets-38, __consumer_offsets-1, __consumer_offsets-34, __consumer_offsets-16, __consumer_offsets-45, __consumer_offsets-12, __consumer_offsets-41, __consumer_offsets-24, __consumer_offsets-20, __consumer_offsets-49, __consumer_offsets-0, __consumer_offsets-29, __consumer_offsets-25, __consumer_offsets-8, __consumer_offsets-37, __consumer_offsets-4, __consumer_offsets-33, __consumer_offsets-15, __consumer_offsets-48, __consumer_offsets-11, __consumer_offsets-44, __consumer_offsets-23, __consumer_offsets-19, __consumer_offsets-32, __consumer_offsets-28, __consumer_offsets-7, __consumer_offsets-40, __consumer_offsets-3, __consumer_offsets-36, __consumer_offsets-47, __consumer_offsets-14, __consumer_offsets-43, __consumer_offsets-10, __consumer_offsets-22, __consumer_offsets-18, __consumer_offsets-31, __consumer_offsets-27, __consumer_offsets-39, __consumer_offsets-6, __consumer_offsets-35, __consumer_offsets-2)
2025-06-21T21:04:29.463+02:00  INFO 33435 --- [r-event-handler] state.change.logger                      : [Broker id=0] Creating new partition __consumer_offsets-13 with topic id q29IvEbWSBuBsAZOgsyGFw.
2025-06-21T21:04:29.467+02:00  INFO 33435 --- [r-event-handler] kafka.log.UnifiedLog$                    : [LogLoader partition=__consumer_offsets-13, dir=/var/folders/ph/gv4vgc5d17n07t_4t6_6bylh0000gn/T/kafka-15505775074459252661/broker_0_data0] Loading producer state till offset 0 with message format version 2
2025-06-21T21:04:29.467+02:00  INFO 33435 --- [r-event-handler] kafka.log.LogManager                     : Created log for partition __consumer_offsets-13 in /var/folders/ph/gv4vgc5d17n07t_4t6_6bylh0000gn/T/kafka-15505775074459252661/broker_0_data0/__consumer_offsets-13 with properties {cleanup.policy=compact, compression.type="producer", segment.bytes=104857600}
2025-06-21T21:04:29.467+02:00  INFO 33435 --- [r-event-handler] kafka.cluster.Partition                  : [Partition __consumer_offsets-13 broker=0] No checkpointed highwatermark is found for partition __consumer_offsets-13
2025-06-21T21:04:29.467+02:00  INFO 33435 --- [r-event-handler] kafka.cluster.Partition                  : [Partition __consumer_offsets-13 broker=0] Log loaded for partition __consumer_offsets-13 with initial high watermark 0
2025-06-21T21:04:29.467+02:00  INFO 33435 --- [r-event-handler] state.change.logger                      : [Broker id=0] Leader __consumer_offsets-13 with topic id Some(q29IvEbWSBuBsAZOgsyGFw) starts at leader epoch 0 from offset 0 with partition epoch 0, high watermark 0, ISR [0], adding replicas [] and removing replicas [] . Previous leader None and previous leader epoch was -1.
2025-06-21T21:04:29.473+02:00  INFO 33435 --- [r-event-handler] state.change.logger                      : [Broker id=0] Creating new partition __consumer_offsets-46 with topic id q29IvEbWSBuBsAZOgsyGFw.
2025-06-21T21:04:29.475+02:00  INFO 33435 --- [r-event-handler] kafka.log.UnifiedLog$                    : [LogLoader partition=__consumer_offsets-46, dir=/var/folders/ph/gv4vgc5d17n07t_4t6_6bylh0000gn/T/kafka-15505775074459252661/broker_0_data0] Loading producer state till offset 0 with message format version 2
2025-06-21T21:04:29.475+02:00  INFO 33435 --- [r-event-handler] kafka.log.LogManager                     : Created log for partition __consumer_offsets-46 in /var/folders/ph/gv4vgc5d17n07t_4t6_6bylh0000gn/T/kafka-15505775074459252661/broker_0_data0/__consumer_offsets-46 with properties {cleanup.policy=compact, compression.type="producer", segment.bytes=104857600}
2025-06-21T21:04:29.475+02:00  INFO 33435 --- [r-event-handler] kafka.cluster.Partition                  : [Partition __consumer_offsets-46 broker=0] No checkpointed highwatermark is found for partition __consumer_offsets-46
2025-06-21T21:04:29.475+02:00  INFO 33435 --- [r-event-handler] kafka.cluster.Partition                  : [Partition __consumer_offsets-46 broker=0] Log loaded for partition __consumer_offsets-46 with initial high watermark 0
2025-06-21T21:04:29.475+02:00  INFO 33435 --- [r-event-handler] state.change.logger                      : [Broker id=0] Leader __consumer_offsets-46 with topic id Some(q29IvEbWSBuBsAZOgsyGFw) starts at leader epoch 0 from offset 0 with partition epoch 0, high watermark 0, ISR [0], adding replicas [] and removing replicas [] . Previous leader None and previous leader epoch was -1.
2025-06-21T21:04:29.481+02:00  INFO 33435 --- [r-event-handler] state.change.logger                      : [Broker id=0] Creating new partition __consumer_offsets-9 with topic id q29IvEbWSBuBsAZOgsyGFw.
2025-06-21T21:04:29.482+02:00  INFO 33435 --- [r-event-handler] kafka.log.UnifiedLog$                    : [LogLoader partition=__consumer_offsets-9, dir=/var/folders/ph/gv4vgc5d17n07t_4t6_6bylh0000gn/T/kafka-15505775074459252661/broker_0_data0] Loading producer state till offset 0 with message format version 2
2025-06-21T21:04:29.483+02:00  INFO 33435 --- [r-event-handler] kafka.log.LogManager                     : Created log for partition __consumer_offsets-9 in /var/folders/ph/gv4vgc5d17n07t_4t6_6bylh0000gn/T/kafka-15505775074459252661/broker_0_data0/__consumer_offsets-9 with properties {cleanup.policy=compact, compression.type="producer", segment.bytes=104857600}
2025-06-21T21:04:29.483+02:00  INFO 33435 --- [r-event-handler] kafka.cluster.Partition                  : [Partition __consumer_offsets-9 broker=0] No checkpointed highwatermark is found for partition __consumer_offsets-9
2025-06-21T21:04:29.483+02:00  INFO 33435 --- [r-event-handler] kafka.cluster.Partition                  : [Partition __consumer_offsets-9 broker=0] Log loaded for partition __consumer_offsets-9 with initial high watermark 0
2025-06-21T21:04:29.483+02:00  INFO 33435 --- [r-event-handler] state.change.logger                      : [Broker id=0] Leader __consumer_offsets-9 with topic id Some(q29IvEbWSBuBsAZOgsyGFw) starts at leader epoch 0 from offset 0 with partition epoch 0, high watermark 0, ISR [0], adding replicas [] and removing replicas [] . Previous leader None and previous leader epoch was -1.
2025-06-21T21:04:29.489+02:00  INFO 33435 --- [r-event-handler] state.change.logger                      : [Broker id=0] Creating new partition __consumer_offsets-42 with topic id q29IvEbWSBuBsAZOgsyGFw.
2025-06-21T21:04:29.490+02:00  INFO 33435 --- [r-event-handler] kafka.log.UnifiedLog$                    : [LogLoader partition=__consumer_offsets-42, dir=/var/folders/ph/gv4vgc5d17n07t_4t6_6bylh0000gn/T/kafka-15505775074459252661/broker_0_data0] Loading producer state till offset 0 with message format version 2
2025-06-21T21:04:29.491+02:00  INFO 33435 --- [r-event-handler] kafka.log.LogManager                     : Created log for partition __consumer_offsets-42 in /var/folders/ph/gv4vgc5d17n07t_4t6_6bylh0000gn/T/kafka-15505775074459252661/broker_0_data0/__consumer_offsets-42 with properties {cleanup.policy=compact, compression.type="producer", segment.bytes=104857600}
2025-06-21T21:04:29.491+02:00  INFO 33435 --- [r-event-handler] kafka.cluster.Partition                  : [Partition __consumer_offsets-42 broker=0] No checkpointed highwatermark is found for partition __consumer_offsets-42
2025-06-21T21:04:29.491+02:00  INFO 33435 --- [r-event-handler] kafka.cluster.Partition                  : [Partition __consumer_offsets-42 broker=0] Log loaded for partition __consumer_offsets-42 with initial high watermark 0
2025-06-21T21:04:29.491+02:00  INFO 33435 --- [r-event-handler] state.change.logger                      : [Broker id=0] Leader __consumer_offsets-42 with topic id Some(q29IvEbWSBuBsAZOgsyGFw) starts at leader epoch 0 from offset 0 with partition epoch 0, high watermark 0, ISR [0], adding replicas [] and removing replicas [] . Previous leader None and previous leader epoch was -1.
2025-06-21T21:04:29.494+02:00  INFO 33435 --- [r-event-handler] state.change.logger                      : [Broker id=0] Creating new partition __consumer_offsets-21 with topic id q29IvEbWSBuBsAZOgsyGFw.
2025-06-21T21:04:29.496+02:00  INFO 33435 --- [r-event-handler] kafka.log.UnifiedLog$                    : [LogLoader partition=__consumer_offsets-21, dir=/var/folders/ph/gv4vgc5d17n07t_4t6_6bylh0000gn/T/kafka-15505775074459252661/broker_0_data0] Loading producer state till offset 0 with message format version 2
2025-06-21T21:04:29.496+02:00  INFO 33435 --- [r-event-handler] kafka.log.LogManager                     : Created log for partition __consumer_offsets-21 in /var/folders/ph/gv4vgc5d17n07t_4t6_6bylh0000gn/T/kafka-15505775074459252661/broker_0_data0/__consumer_offsets-21 with properties {cleanup.policy=compact, compression.type="producer", segment.bytes=104857600}
2025-06-21T21:04:29.496+02:00  INFO 33435 --- [r-event-handler] kafka.cluster.Partition                  : [Partition __consumer_offsets-21 broker=0] No checkpointed highwatermark is found for partition __consumer_offsets-21
2025-06-21T21:04:29.496+02:00  INFO 33435 --- [r-event-handler] kafka.cluster.Partition                  : [Partition __consumer_offsets-21 broker=0] Log loaded for partition __consumer_offsets-21 with initial high watermark 0
2025-06-21T21:04:29.496+02:00  INFO 33435 --- [r-event-handler] state.change.logger                      : [Broker id=0] Leader __consumer_offsets-21 with topic id Some(q29IvEbWSBuBsAZOgsyGFw) starts at leader epoch 0 from offset 0 with partition epoch 0, high watermark 0, ISR [0], adding replicas [] and removing replicas [] . Previous leader None and previous leader epoch was -1.
2025-06-21T21:04:29.501+02:00  INFO 33435 --- [r-event-handler] state.change.logger                      : [Broker id=0] Creating new partition __consumer_offsets-17 with topic id q29IvEbWSBuBsAZOgsyGFw.
2025-06-21T21:04:29.502+02:00  INFO 33435 --- [r-event-handler] kafka.log.UnifiedLog$                    : [LogLoader partition=__consumer_offsets-17, dir=/var/folders/ph/gv4vgc5d17n07t_4t6_6bylh0000gn/T/kafka-15505775074459252661/broker_0_data0] Loading producer state till offset 0 with message format version 2
2025-06-21T21:04:29.502+02:00  INFO 33435 --- [r-event-handler] kafka.log.LogManager                     : Created log for partition __consumer_offsets-17 in /var/folders/ph/gv4vgc5d17n07t_4t6_6bylh0000gn/T/kafka-15505775074459252661/broker_0_data0/__consumer_offsets-17 with properties {cleanup.policy=compact, compression.type="producer", segment.bytes=104857600}
2025-06-21T21:04:29.503+02:00  INFO 33435 --- [r-event-handler] kafka.cluster.Partition                  : [Partition __consumer_offsets-17 broker=0] No checkpointed highwatermark is found for partition __consumer_offsets-17
2025-06-21T21:04:29.503+02:00  INFO 33435 --- [r-event-handler] kafka.cluster.Partition                  : [Partition __consumer_offsets-17 broker=0] Log loaded for partition __consumer_offsets-17 with initial high watermark 0
2025-06-21T21:04:29.503+02:00  INFO 33435 --- [r-event-handler] state.change.logger                      : [Broker id=0] Leader __consumer_offsets-17 with topic id Some(q29IvEbWSBuBsAZOgsyGFw) starts at leader epoch 0 from offset 0 with partition epoch 0, high watermark 0, ISR [0], adding replicas [] and removing replicas [] . Previous leader None and previous leader epoch was -1.
2025-06-21T21:04:29.509+02:00  INFO 33435 --- [r-event-handler] state.change.logger                      : [Broker id=0] Creating new partition __consumer_offsets-30 with topic id q29IvEbWSBuBsAZOgsyGFw.
2025-06-21T21:04:29.511+02:00  INFO 33435 --- [r-event-handler] kafka.log.UnifiedLog$                    : [LogLoader partition=__consumer_offsets-30, dir=/var/folders/ph/gv4vgc5d17n07t_4t6_6bylh0000gn/T/kafka-15505775074459252661/broker_0_data0] Loading producer state till offset 0 with message format version 2
2025-06-21T21:04:29.511+02:00  INFO 33435 --- [r-event-handler] kafka.log.LogManager                     : Created log for partition __consumer_offsets-30 in /var/folders/ph/gv4vgc5d17n07t_4t6_6bylh0000gn/T/kafka-15505775074459252661/broker_0_data0/__consumer_offsets-30 with properties {cleanup.policy=compact, compression.type="producer", segment.bytes=104857600}
2025-06-21T21:04:29.511+02:00  INFO 33435 --- [r-event-handler] kafka.cluster.Partition                  : [Partition __consumer_offsets-30 broker=0] No checkpointed highwatermark is found for partition __consumer_offsets-30
2025-06-21T21:04:29.511+02:00  INFO 33435 --- [r-event-handler] kafka.cluster.Partition                  : [Partition __consumer_offsets-30 broker=0] Log loaded for partition __consumer_offsets-30 with initial high watermark 0
2025-06-21T21:04:29.511+02:00  INFO 33435 --- [r-event-handler] state.change.logger                      : [Broker id=0] Leader __consumer_offsets-30 with topic id Some(q29IvEbWSBuBsAZOgsyGFw) starts at leader epoch 0 from offset 0 with partition epoch 0, high watermark 0, ISR [0], adding replicas [] and removing replicas [] . Previous leader None and previous leader epoch was -1.
2025-06-21T21:04:29.516+02:00  INFO 33435 --- [r-event-handler] state.change.logger                      : [Broker id=0] Creating new partition __consumer_offsets-26 with topic id q29IvEbWSBuBsAZOgsyGFw.
2025-06-21T21:04:29.517+02:00  INFO 33435 --- [r-event-handler] kafka.log.UnifiedLog$                    : [LogLoader partition=__consumer_offsets-26, dir=/var/folders/ph/gv4vgc5d17n07t_4t6_6bylh0000gn/T/kafka-15505775074459252661/broker_0_data0] Loading producer state till offset 0 with message format version 2
2025-06-21T21:04:29.518+02:00  INFO 33435 --- [r-event-handler] kafka.log.LogManager                     : Created log for partition __consumer_offsets-26 in /var/folders/ph/gv4vgc5d17n07t_4t6_6bylh0000gn/T/kafka-15505775074459252661/broker_0_data0/__consumer_offsets-26 with properties {cleanup.policy=compact, compression.type="producer", segment.bytes=104857600}
2025-06-21T21:04:29.518+02:00  INFO 33435 --- [r-event-handler] kafka.cluster.Partition                  : [Partition __consumer_offsets-26 broker=0] No checkpointed highwatermark is found for partition __consumer_offsets-26
2025-06-21T21:04:29.518+02:00  INFO 33435 --- [r-event-handler] kafka.cluster.Partition                  : [Partition __consumer_offsets-26 broker=0] Log loaded for partition __consumer_offsets-26 with initial high watermark 0
2025-06-21T21:04:29.518+02:00  INFO 33435 --- [r-event-handler] state.change.logger                      : [Broker id=0] Leader __consumer_offsets-26 with topic id Some(q29IvEbWSBuBsAZOgsyGFw) starts at leader epoch 0 from offset 0 with partition epoch 0, high watermark 0, ISR [0], adding replicas [] and removing replicas [] . Previous leader None and previous leader epoch was -1.
2025-06-21T21:04:29.524+02:00  INFO 33435 --- [r-event-handler] state.change.logger                      : [Broker id=0] Creating new partition __consumer_offsets-5 with topic id q29IvEbWSBuBsAZOgsyGFw.
2025-06-21T21:04:29.526+02:00  INFO 33435 --- [r-event-handler] kafka.log.UnifiedLog$                    : [LogLoader partition=__consumer_offsets-5, dir=/var/folders/ph/gv4vgc5d17n07t_4t6_6bylh0000gn/T/kafka-15505775074459252661/broker_0_data0] Loading producer state till offset 0 with message format version 2
2025-06-21T21:04:29.526+02:00  INFO 33435 --- [r-event-handler] kafka.log.LogManager                     : Created log for partition __consumer_offsets-5 in /var/folders/ph/gv4vgc5d17n07t_4t6_6bylh0000gn/T/kafka-15505775074459252661/broker_0_data0/__consumer_offsets-5 with properties {cleanup.policy=compact, compression.type="producer", segment.bytes=104857600}
2025-06-21T21:04:29.526+02:00  INFO 33435 --- [r-event-handler] kafka.cluster.Partition                  : [Partition __consumer_offsets-5 broker=0] No checkpointed highwatermark is found for partition __consumer_offsets-5
2025-06-21T21:04:29.526+02:00  INFO 33435 --- [r-event-handler] kafka.cluster.Partition                  : [Partition __consumer_offsets-5 broker=0] Log loaded for partition __consumer_offsets-5 with initial high watermark 0
2025-06-21T21:04:29.526+02:00  INFO 33435 --- [r-event-handler] state.change.logger                      : [Broker id=0] Leader __consumer_offsets-5 with topic id Some(q29IvEbWSBuBsAZOgsyGFw) starts at leader epoch 0 from offset 0 with partition epoch 0, high watermark 0, ISR [0], adding replicas [] and removing replicas [] . Previous leader None and previous leader epoch was -1.
2025-06-21T21:04:29.531+02:00  INFO 33435 --- [r-event-handler] state.change.logger                      : [Broker id=0] Creating new partition __consumer_offsets-38 with topic id q29IvEbWSBuBsAZOgsyGFw.
2025-06-21T21:04:29.532+02:00  INFO 33435 --- [r-event-handler] kafka.log.UnifiedLog$                    : [LogLoader partition=__consumer_offsets-38, dir=/var/folders/ph/gv4vgc5d17n07t_4t6_6bylh0000gn/T/kafka-15505775074459252661/broker_0_data0] Loading producer state till offset 0 with message format version 2
2025-06-21T21:04:29.533+02:00  INFO 33435 --- [r-event-handler] kafka.log.LogManager                     : Created log for partition __consumer_offsets-38 in /var/folders/ph/gv4vgc5d17n07t_4t6_6bylh0000gn/T/kafka-15505775074459252661/broker_0_data0/__consumer_offsets-38 with properties {cleanup.policy=compact, compression.type="producer", segment.bytes=104857600}
2025-06-21T21:04:29.533+02:00  INFO 33435 --- [r-event-handler] kafka.cluster.Partition                  : [Partition __consumer_offsets-38 broker=0] No checkpointed highwatermark is found for partition __consumer_offsets-38
2025-06-21T21:04:29.533+02:00  INFO 33435 --- [r-event-handler] kafka.cluster.Partition                  : [Partition __consumer_offsets-38 broker=0] Log loaded for partition __consumer_offsets-38 with initial high watermark 0
2025-06-21T21:04:29.533+02:00  INFO 33435 --- [r-event-handler] state.change.logger                      : [Broker id=0] Leader __consumer_offsets-38 with topic id Some(q29IvEbWSBuBsAZOgsyGFw) starts at leader epoch 0 from offset 0 with partition epoch 0, high watermark 0, ISR [0], adding replicas [] and removing replicas [] . Previous leader None and previous leader epoch was -1.
2025-06-21T21:04:29.536+02:00  INFO 33435 --- [r-event-handler] state.change.logger                      : [Broker id=0] Creating new partition __consumer_offsets-1 with topic id q29IvEbWSBuBsAZOgsyGFw.
2025-06-21T21:04:29.538+02:00  INFO 33435 --- [r-event-handler] kafka.log.UnifiedLog$                    : [LogLoader partition=__consumer_offsets-1, dir=/var/folders/ph/gv4vgc5d17n07t_4t6_6bylh0000gn/T/kafka-15505775074459252661/broker_0_data0] Loading producer state till offset 0 with message format version 2
2025-06-21T21:04:29.538+02:00  INFO 33435 --- [r-event-handler] kafka.log.LogManager                     : Created log for partition __consumer_offsets-1 in /var/folders/ph/gv4vgc5d17n07t_4t6_6bylh0000gn/T/kafka-15505775074459252661/broker_0_data0/__consumer_offsets-1 with properties {cleanup.policy=compact, compression.type="producer", segment.bytes=104857600}
2025-06-21T21:04:29.538+02:00  INFO 33435 --- [r-event-handler] kafka.cluster.Partition                  : [Partition __consumer_offsets-1 broker=0] No checkpointed highwatermark is found for partition __consumer_offsets-1
2025-06-21T21:04:29.538+02:00  INFO 33435 --- [r-event-handler] kafka.cluster.Partition                  : [Partition __consumer_offsets-1 broker=0] Log loaded for partition __consumer_offsets-1 with initial high watermark 0
2025-06-21T21:04:29.538+02:00  INFO 33435 --- [r-event-handler] state.change.logger                      : [Broker id=0] Leader __consumer_offsets-1 with topic id Some(q29IvEbWSBuBsAZOgsyGFw) starts at leader epoch 0 from offset 0 with partition epoch 0, high watermark 0, ISR [0], adding replicas [] and removing replicas [] . Previous leader None and previous leader epoch was -1.
2025-06-21T21:04:29.544+02:00  INFO 33435 --- [r-event-handler] state.change.logger                      : [Broker id=0] Creating new partition __consumer_offsets-34 with topic id q29IvEbWSBuBsAZOgsyGFw.
2025-06-21T21:04:29.546+02:00  INFO 33435 --- [r-event-handler] kafka.log.UnifiedLog$                    : [LogLoader partition=__consumer_offsets-34, dir=/var/folders/ph/gv4vgc5d17n07t_4t6_6bylh0000gn/T/kafka-15505775074459252661/broker_0_data0] Loading producer state till offset 0 with message format version 2
2025-06-21T21:04:29.546+02:00  INFO 33435 --- [r-event-handler] kafka.log.LogManager                     : Created log for partition __consumer_offsets-34 in /var/folders/ph/gv4vgc5d17n07t_4t6_6bylh0000gn/T/kafka-15505775074459252661/broker_0_data0/__consumer_offsets-34 with properties {cleanup.policy=compact, compression.type="producer", segment.bytes=104857600}
2025-06-21T21:04:29.546+02:00  INFO 33435 --- [r-event-handler] kafka.cluster.Partition                  : [Partition __consumer_offsets-34 broker=0] No checkpointed highwatermark is found for partition __consumer_offsets-34
2025-06-21T21:04:29.546+02:00  INFO 33435 --- [r-event-handler] kafka.cluster.Partition                  : [Partition __consumer_offsets-34 broker=0] Log loaded for partition __consumer_offsets-34 with initial high watermark 0
2025-06-21T21:04:29.546+02:00  INFO 33435 --- [r-event-handler] state.change.logger                      : [Broker id=0] Leader __consumer_offsets-34 with topic id Some(q29IvEbWSBuBsAZOgsyGFw) starts at leader epoch 0 from offset 0 with partition epoch 0, high watermark 0, ISR [0], adding replicas [] and removing replicas [] . Previous leader None and previous leader epoch was -1.
2025-06-21T21:04:29.551+02:00  INFO 33435 --- [r-event-handler] state.change.logger                      : [Broker id=0] Creating new partition __consumer_offsets-16 with topic id q29IvEbWSBuBsAZOgsyGFw.
2025-06-21T21:04:29.552+02:00  INFO 33435 --- [r-event-handler] kafka.log.UnifiedLog$                    : [LogLoader partition=__consumer_offsets-16, dir=/var/folders/ph/gv4vgc5d17n07t_4t6_6bylh0000gn/T/kafka-15505775074459252661/broker_0_data0] Loading producer state till offset 0 with message format version 2
2025-06-21T21:04:29.552+02:00  INFO 33435 --- [r-event-handler] kafka.log.LogManager                     : Created log for partition __consumer_offsets-16 in /var/folders/ph/gv4vgc5d17n07t_4t6_6bylh0000gn/T/kafka-15505775074459252661/broker_0_data0/__consumer_offsets-16 with properties {cleanup.policy=compact, compression.type="producer", segment.bytes=104857600}
2025-06-21T21:04:29.553+02:00  INFO 33435 --- [r-event-handler] kafka.cluster.Partition                  : [Partition __consumer_offsets-16 broker=0] No checkpointed highwatermark is found for partition __consumer_offsets-16
2025-06-21T21:04:29.553+02:00  INFO 33435 --- [r-event-handler] kafka.cluster.Partition                  : [Partition __consumer_offsets-16 broker=0] Log loaded for partition __consumer_offsets-16 with initial high watermark 0
2025-06-21T21:04:29.553+02:00  INFO 33435 --- [r-event-handler] state.change.logger                      : [Broker id=0] Leader __consumer_offsets-16 with topic id Some(q29IvEbWSBuBsAZOgsyGFw) starts at leader epoch 0 from offset 0 with partition epoch 0, high watermark 0, ISR [0], adding replicas [] and removing replicas [] . Previous leader None and previous leader epoch was -1.
2025-06-21T21:04:29.557+02:00  INFO 33435 --- [r-event-handler] state.change.logger                      : [Broker id=0] Creating new partition __consumer_offsets-45 with topic id q29IvEbWSBuBsAZOgsyGFw.
2025-06-21T21:04:29.559+02:00  INFO 33435 --- [r-event-handler] kafka.log.UnifiedLog$                    : [LogLoader partition=__consumer_offsets-45, dir=/var/folders/ph/gv4vgc5d17n07t_4t6_6bylh0000gn/T/kafka-15505775074459252661/broker_0_data0] Loading producer state till offset 0 with message format version 2
2025-06-21T21:04:29.559+02:00  INFO 33435 --- [r-event-handler] kafka.log.LogManager                     : Created log for partition __consumer_offsets-45 in /var/folders/ph/gv4vgc5d17n07t_4t6_6bylh0000gn/T/kafka-15505775074459252661/broker_0_data0/__consumer_offsets-45 with properties {cleanup.policy=compact, compression.type="producer", segment.bytes=104857600}
2025-06-21T21:04:29.559+02:00  INFO 33435 --- [r-event-handler] kafka.cluster.Partition                  : [Partition __consumer_offsets-45 broker=0] No checkpointed highwatermark is found for partition __consumer_offsets-45
2025-06-21T21:04:29.559+02:00  INFO 33435 --- [r-event-handler] kafka.cluster.Partition                  : [Partition __consumer_offsets-45 broker=0] Log loaded for partition __consumer_offsets-45 with initial high watermark 0
2025-06-21T21:04:29.559+02:00  INFO 33435 --- [r-event-handler] state.change.logger                      : [Broker id=0] Leader __consumer_offsets-45 with topic id Some(q29IvEbWSBuBsAZOgsyGFw) starts at leader epoch 0 from offset 0 with partition epoch 0, high watermark 0, ISR [0], adding replicas [] and removing replicas [] . Previous leader None and previous leader epoch was -1.
2025-06-21T21:04:29.566+02:00  INFO 33435 --- [r-event-handler] state.change.logger                      : [Broker id=0] Creating new partition __consumer_offsets-12 with topic id q29IvEbWSBuBsAZOgsyGFw.
2025-06-21T21:04:29.567+02:00  INFO 33435 --- [r-event-handler] kafka.log.UnifiedLog$                    : [LogLoader partition=__consumer_offsets-12, dir=/var/folders/ph/gv4vgc5d17n07t_4t6_6bylh0000gn/T/kafka-15505775074459252661/broker_0_data0] Loading producer state till offset 0 with message format version 2
2025-06-21T21:04:29.568+02:00  INFO 33435 --- [r-event-handler] kafka.log.LogManager                     : Created log for partition __consumer_offsets-12 in /var/folders/ph/gv4vgc5d17n07t_4t6_6bylh0000gn/T/kafka-15505775074459252661/broker_0_data0/__consumer_offsets-12 with properties {cleanup.policy=compact, compression.type="producer", segment.bytes=104857600}
2025-06-21T21:04:29.568+02:00  INFO 33435 --- [r-event-handler] kafka.cluster.Partition                  : [Partition __consumer_offsets-12 broker=0] No checkpointed highwatermark is found for partition __consumer_offsets-12
2025-06-21T21:04:29.568+02:00  INFO 33435 --- [r-event-handler] kafka.cluster.Partition                  : [Partition __consumer_offsets-12 broker=0] Log loaded for partition __consumer_offsets-12 with initial high watermark 0
2025-06-21T21:04:29.568+02:00  INFO 33435 --- [r-event-handler] state.change.logger                      : [Broker id=0] Leader __consumer_offsets-12 with topic id Some(q29IvEbWSBuBsAZOgsyGFw) starts at leader epoch 0 from offset 0 with partition epoch 0, high watermark 0, ISR [0], adding replicas [] and removing replicas [] . Previous leader None and previous leader epoch was -1.
2025-06-21T21:04:29.574+02:00  INFO 33435 --- [r-event-handler] state.change.logger                      : [Broker id=0] Creating new partition __consumer_offsets-41 with topic id q29IvEbWSBuBsAZOgsyGFw.
2025-06-21T21:04:29.575+02:00  INFO 33435 --- [r-event-handler] kafka.log.UnifiedLog$                    : [LogLoader partition=__consumer_offsets-41, dir=/var/folders/ph/gv4vgc5d17n07t_4t6_6bylh0000gn/T/kafka-15505775074459252661/broker_0_data0] Loading producer state till offset 0 with message format version 2
2025-06-21T21:04:29.576+02:00  INFO 33435 --- [r-event-handler] kafka.log.LogManager                     : Created log for partition __consumer_offsets-41 in /var/folders/ph/gv4vgc5d17n07t_4t6_6bylh0000gn/T/kafka-15505775074459252661/broker_0_data0/__consumer_offsets-41 with properties {cleanup.policy=compact, compression.type="producer", segment.bytes=104857600}
2025-06-21T21:04:29.576+02:00  INFO 33435 --- [r-event-handler] kafka.cluster.Partition                  : [Partition __consumer_offsets-41 broker=0] No checkpointed highwatermark is found for partition __consumer_offsets-41
2025-06-21T21:04:29.576+02:00  INFO 33435 --- [r-event-handler] kafka.cluster.Partition                  : [Partition __consumer_offsets-41 broker=0] Log loaded for partition __consumer_offsets-41 with initial high watermark 0
2025-06-21T21:04:29.576+02:00  INFO 33435 --- [r-event-handler] state.change.logger                      : [Broker id=0] Leader __consumer_offsets-41 with topic id Some(q29IvEbWSBuBsAZOgsyGFw) starts at leader epoch 0 from offset 0 with partition epoch 0, high watermark 0, ISR [0], adding replicas [] and removing replicas [] . Previous leader None and previous leader epoch was -1.
2025-06-21T21:04:29.582+02:00  INFO 33435 --- [r-event-handler] state.change.logger                      : [Broker id=0] Creating new partition __consumer_offsets-24 with topic id q29IvEbWSBuBsAZOgsyGFw.
2025-06-21T21:04:29.583+02:00  INFO 33435 --- [r-event-handler] kafka.log.UnifiedLog$                    : [LogLoader partition=__consumer_offsets-24, dir=/var/folders/ph/gv4vgc5d17n07t_4t6_6bylh0000gn/T/kafka-15505775074459252661/broker_0_data0] Loading producer state till offset 0 with message format version 2
2025-06-21T21:04:29.583+02:00  INFO 33435 --- [r-event-handler] kafka.log.LogManager                     : Created log for partition __consumer_offsets-24 in /var/folders/ph/gv4vgc5d17n07t_4t6_6bylh0000gn/T/kafka-15505775074459252661/broker_0_data0/__consumer_offsets-24 with properties {cleanup.policy=compact, compression.type="producer", segment.bytes=104857600}
2025-06-21T21:04:29.583+02:00  INFO 33435 --- [r-event-handler] kafka.cluster.Partition                  : [Partition __consumer_offsets-24 broker=0] No checkpointed highwatermark is found for partition __consumer_offsets-24
2025-06-21T21:04:29.583+02:00  INFO 33435 --- [r-event-handler] kafka.cluster.Partition                  : [Partition __consumer_offsets-24 broker=0] Log loaded for partition __consumer_offsets-24 with initial high watermark 0
2025-06-21T21:04:29.584+02:00  INFO 33435 --- [r-event-handler] state.change.logger                      : [Broker id=0] Leader __consumer_offsets-24 with topic id Some(q29IvEbWSBuBsAZOgsyGFw) starts at leader epoch 0 from offset 0 with partition epoch 0, high watermark 0, ISR [0], adding replicas [] and removing replicas [] . Previous leader None and previous leader epoch was -1.
2025-06-21T21:04:29.589+02:00  INFO 33435 --- [r-event-handler] state.change.logger                      : [Broker id=0] Creating new partition __consumer_offsets-20 with topic id q29IvEbWSBuBsAZOgsyGFw.
2025-06-21T21:04:29.590+02:00  INFO 33435 --- [r-event-handler] kafka.log.UnifiedLog$                    : [LogLoader partition=__consumer_offsets-20, dir=/var/folders/ph/gv4vgc5d17n07t_4t6_6bylh0000gn/T/kafka-15505775074459252661/broker_0_data0] Loading producer state till offset 0 with message format version 2
2025-06-21T21:04:29.590+02:00  INFO 33435 --- [r-event-handler] kafka.log.LogManager                     : Created log for partition __consumer_offsets-20 in /var/folders/ph/gv4vgc5d17n07t_4t6_6bylh0000gn/T/kafka-15505775074459252661/broker_0_data0/__consumer_offsets-20 with properties {cleanup.policy=compact, compression.type="producer", segment.bytes=104857600}
2025-06-21T21:04:29.590+02:00  INFO 33435 --- [r-event-handler] kafka.cluster.Partition                  : [Partition __consumer_offsets-20 broker=0] No checkpointed highwatermark is found for partition __consumer_offsets-20
2025-06-21T21:04:29.590+02:00  INFO 33435 --- [r-event-handler] kafka.cluster.Partition                  : [Partition __consumer_offsets-20 broker=0] Log loaded for partition __consumer_offsets-20 with initial high watermark 0
2025-06-21T21:04:29.590+02:00  INFO 33435 --- [r-event-handler] state.change.logger                      : [Broker id=0] Leader __consumer_offsets-20 with topic id Some(q29IvEbWSBuBsAZOgsyGFw) starts at leader epoch 0 from offset 0 with partition epoch 0, high watermark 0, ISR [0], adding replicas [] and removing replicas [] . Previous leader None and previous leader epoch was -1.
2025-06-21T21:04:29.595+02:00  INFO 33435 --- [r-event-handler] state.change.logger                      : [Broker id=0] Creating new partition __consumer_offsets-49 with topic id q29IvEbWSBuBsAZOgsyGFw.
2025-06-21T21:04:29.596+02:00  INFO 33435 --- [r-event-handler] kafka.log.UnifiedLog$                    : [LogLoader partition=__consumer_offsets-49, dir=/var/folders/ph/gv4vgc5d17n07t_4t6_6bylh0000gn/T/kafka-15505775074459252661/broker_0_data0] Loading producer state till offset 0 with message format version 2
2025-06-21T21:04:29.596+02:00  INFO 33435 --- [r-event-handler] kafka.log.LogManager                     : Created log for partition __consumer_offsets-49 in /var/folders/ph/gv4vgc5d17n07t_4t6_6bylh0000gn/T/kafka-15505775074459252661/broker_0_data0/__consumer_offsets-49 with properties {cleanup.policy=compact, compression.type="producer", segment.bytes=104857600}
2025-06-21T21:04:29.596+02:00  INFO 33435 --- [r-event-handler] kafka.cluster.Partition                  : [Partition __consumer_offsets-49 broker=0] No checkpointed highwatermark is found for partition __consumer_offsets-49
2025-06-21T21:04:29.596+02:00  INFO 33435 --- [r-event-handler] kafka.cluster.Partition                  : [Partition __consumer_offsets-49 broker=0] Log loaded for partition __consumer_offsets-49 with initial high watermark 0
2025-06-21T21:04:29.596+02:00  INFO 33435 --- [r-event-handler] state.change.logger                      : [Broker id=0] Leader __consumer_offsets-49 with topic id Some(q29IvEbWSBuBsAZOgsyGFw) starts at leader epoch 0 from offset 0 with partition epoch 0, high watermark 0, ISR [0], adding replicas [] and removing replicas [] . Previous leader None and previous leader epoch was -1.
2025-06-21T21:04:29.603+02:00  INFO 33435 --- [r-event-handler] state.change.logger                      : [Broker id=0] Creating new partition __consumer_offsets-0 with topic id q29IvEbWSBuBsAZOgsyGFw.
2025-06-21T21:04:29.604+02:00  INFO 33435 --- [r-event-handler] kafka.log.UnifiedLog$                    : [LogLoader partition=__consumer_offsets-0, dir=/var/folders/ph/gv4vgc5d17n07t_4t6_6bylh0000gn/T/kafka-15505775074459252661/broker_0_data0] Loading producer state till offset 0 with message format version 2
[...]
        garages
        (address, email, name, phone, id) 
    values
        (?, ?, ?, ?, default)
2025-06-21T21:04:30.149+02:00 DEBUG 33435 --- [           main] org.hibernate.SQL                        : 
    select
        g1_0.id,
        g1_0.address,
        g1_0.email,
        g1_0.name,
        g1_0.phone 
    from
        garages g1_0 
    where
        g1_0.id=?
Hibernate: 
    select
        g1_0.id,
        g1_0.address,
        g1_0.email,
        g1_0.name,
        g1_0.phone 
    from
        garages g1_0 
    where
        g1_0.id=?
2025-06-21T21:04:30.150+02:00 ERROR 33435 --- [           main] c.r.g.exception.GlobalExceptionHandler   : Garage not found with id: 999

com.renault.garage.exception.GarageNotFoundException: error.garage_not_found
	at com.renault.garage.service.impl.VehicleServiceImpl.lambda$addVehicleToGarage$0(VehicleServiceImpl.java:50) ~[classes/:na]
	at java.base/java.util.Optional.orElseThrow(Optional.java:403) ~[na:na]
	at com.renault.garage.service.impl.VehicleServiceImpl.addVehicleToGarage(VehicleServiceImpl.java:50) ~[classes/:na]
	at java.base/jdk.internal.reflect.NativeMethodAccessorImpl.invoke0(Native Method) ~[na:na]
	at java.base/jdk.internal.reflect.NativeMethodAccessorImpl.invoke(NativeMethodAccessorImpl.java:77) ~[na:na]
	at java.base/jdk.internal.reflect.DelegatingMethodAccessorImpl.invoke(DelegatingMethodAccessorImpl.java:43) ~[na:na]
	at java.base/java.lang.reflect.Method.invoke(Method.java:568) ~[na:na]
	at org.springframework.aop.support.AopUtils.invokeJoinpointUsingReflection(AopUtils.java:352) ~[spring-aop-6.1.2.jar:6.1.2]
	at org.springframework.aop.framework.ReflectiveMethodInvocation.invokeJoinpoint(ReflectiveMethodInvocation.java:196) ~[spring-aop-6.1.2.jar:6.1.2]
	at org.springframework.aop.framework.ReflectiveMethodInvocation.proceed(ReflectiveMethodInvocation.java:163) ~[spring-aop-6.1.2.jar:6.1.2]
	at org.springframework.aop.framework.CglibAopProxy$CglibMethodInvocation.proceed(CglibAopProxy.java:765) ~[spring-aop-6.1.2.jar:6.1.2]
	at org.springframework.transaction.interceptor.TransactionInterceptor$1.proceedWithInvocation(TransactionInterceptor.java:123) ~[spring-tx-6.1.2.jar:6.1.2]
	at org.springframework.transaction.interceptor.TransactionAspectSupport.invokeWithinTransaction(TransactionAspectSupport.java:385) ~[spring-tx-6.1.2.jar:6.1.2]
	at org.springframework.transaction.interceptor.TransactionInterceptor.invoke(TransactionInterceptor.java:119) ~[spring-tx-6.1.2.jar:6.1.2]
	at org.springframework.aop.framework.ReflectiveMethodInvocation.proceed(ReflectiveMethodInvocation.java:184) ~[spring-aop-6.1.2.jar:6.1.2]
	at org.springframework.aop.framework.CglibAopProxy$CglibMethodInvocation.proceed(CglibAopProxy.java:765) ~[spring-aop-6.1.2.jar:6.1.2]
	at org.springframework.aop.framework.CglibAopProxy$DynamicAdvisedInterceptor.intercept(CglibAopProxy.java:717) ~[spring-aop-6.1.2.jar:6.1.2]
	at com.renault.garage.service.impl.VehicleServiceImpl$$SpringCGLIB$$0.addVehicleToGarage(<generated>) ~[classes/:na]
	at com.renault.garage.controller.VehicleController.addVehicleToGarage(VehicleController.java:27) ~[classes/:na]
	at java.base/jdk.internal.reflect.NativeMethodAccessorImpl.invoke0(Native Method) ~[na:na]
	at java.base/jdk.internal.reflect.NativeMethodAccessorImpl.invoke(NativeMethodAccessorImpl.java:77) ~[na:na]
	at java.base/jdk.internal.reflect.DelegatingMethodAccessorImpl.invoke(DelegatingMethodAccessorImpl.java:43) ~[na:na]
	at java.base/java.lang.reflect.Method.invoke(Method.java:568) ~[na:na]
	at org.springframework.web.method.support.InvocableHandlerMethod.doInvoke(InvocableHandlerMethod.java:262) ~[spring-web-6.1.2.jar:6.1.2]
	at org.springframework.web.method.support.InvocableHandlerMethod.invokeForRequest(InvocableHandlerMethod.java:190) ~[spring-web-6.1.2.jar:6.1.2]
	at org.springframework.web.servlet.mvc.method.annotation.ServletInvocableHandlerMethod.invokeAndHandle(ServletInvocableHandlerMethod.java:118) ~[spring-webmvc-6.1.2.jar:6.1.2]
	at org.springframework.web.servlet.mvc.method.annotation.RequestMappingHandlerAdapter.invokeHandlerMethod(RequestMappingHandlerAdapter.java:917) ~[spring-webmvc-6.1.2.jar:6.1.2]
	at org.springframework.web.servlet.mvc.method.annotation.RequestMappingHandlerAdapter.handleInternal(RequestMappingHandlerAdapter.java:829) ~[spring-webmvc-6.1.2.jar:6.1.2]
	at org.springframework.web.servlet.mvc.method.AbstractHandlerMethodAdapter.handle(AbstractHandlerMethodAdapter.java:87) ~[spring-webmvc-6.1.2.jar:6.1.2]
	at org.springframework.web.servlet.DispatcherServlet.doDispatch(DispatcherServlet.java:1089) ~[spring-webmvc-6.1.2.jar:6.1.2]
	at org.springframework.web.servlet.DispatcherServlet.doService(DispatcherServlet.java:979) ~[spring-webmvc-6.1.2.jar:6.1.2]
	at org.springframework.web.servlet.FrameworkServlet.processRequest(FrameworkServlet.java:1014) ~[spring-webmvc-6.1.2.jar:6.1.2]
	at org.springframework.web.servlet.FrameworkServlet.doPost(FrameworkServlet.java:914) ~[spring-webmvc-6.1.2.jar:6.1.2]
	at jakarta.servlet.http.HttpServlet.service(HttpServlet.java:590) ~[tomcat-embed-core-10.1.17.jar:6.0]
	at org.springframework.web.servlet.FrameworkServlet.service(FrameworkServlet.java:885) ~[spring-webmvc-6.1.2.jar:6.1.2]
	at org.springframework.test.web.servlet.TestDispatcherServlet.service(TestDispatcherServlet.java:72) ~[spring-test-6.1.2.jar:6.1.2]
	at jakarta.servlet.http.HttpServlet.service(HttpServlet.java:658) ~[tomcat-embed-core-10.1.17.jar:6.0]
	at org.springframework.mock.web.MockFilterChain$ServletFilterProxy.doFilter(MockFilterChain.java:165) ~[spring-test-6.1.2.jar:6.1.2]
	at org.springframework.mock.web.MockFilterChain.doFilter(MockFilterChain.java:132) ~[spring-test-6.1.2.jar:6.1.2]
	at org.springframework.test.web.servlet.MockMvc.perform(MockMvc.java:201) ~[spring-test-6.1.2.jar:6.1.2]
	at com.renault.garage.controller.VehicleControllerIntegrationTest.shouldReturn404WhenGarageNotFoundForAddingVehicle(VehicleControllerIntegrationTest.java:166) ~[test-classes/:na]
	at java.base/jdk.internal.reflect.NativeMethodAccessorImpl.invoke0(Native Method) ~[na:na]
	at java.base/jdk.internal.reflect.NativeMethodAccessorImpl.invoke(NativeMethodAccessorImpl.java:77) ~[na:na]
	at java.base/jdk.internal.reflect.DelegatingMethodAccessorImpl.invoke(DelegatingMethodAccessorImpl.java:43) ~[na:na]
	at java.base/java.lang.reflect.Method.invoke(Method.java:568) ~[na:na]
	at org.junit.platform.commons.util.ReflectionUtils.invokeMethod(ReflectionUtils.java:728) ~[junit-platform-commons-1.10.1.jar:1.10.1]
	at org.junit.jupiter.engine.execution.MethodInvocation.proceed(MethodInvocation.java:60) ~[junit-jupiter-engine-5.10.1.jar:5.10.1]
	at org.junit.jupiter.engine.execution.InvocationInterceptorChain$ValidatingInvocation.proceed(InvocationInterceptorChain.java:131) ~[junit-jupiter-engine-5.10.1.jar:5.10.1]
	at org.junit.jupiter.engine.extension.TimeoutExtension.intercept(TimeoutExtension.java:156) ~[junit-jupiter-engine-5.10.1.jar:5.10.1]
	at org.junit.jupiter.engine.extension.TimeoutExtension.interceptTestableMethod(TimeoutExtension.java:147) ~[junit-jupiter-engine-5.10.1.jar:5.10.1]
	at org.junit.jupiter.engine.extension.TimeoutExtension.interceptTestMethod(TimeoutExtension.java:86) ~[junit-jupiter-engine-5.10.1.jar:5.10.1]
	at org.junit.jupiter.engine.execution.InterceptingExecutableInvoker$ReflectiveInterceptorCall.lambda$ofVoidMethod$0(InterceptingExecutableInvoker.java:103) ~[junit-jupiter-engine-5.10.1.jar:5.10.1]
	at org.junit.jupiter.engine.execution.InterceptingExecutableInvoker.lambda$invoke$0(InterceptingExecutableInvoker.java:93) ~[junit-jupiter-engine-5.10.1.jar:5.10.1]
	at org.junit.jupiter.engine.execution.InvocationInterceptorChain$InterceptedInvocation.proceed(InvocationInterceptorChain.java:106) ~[junit-jupiter-engine-5.10.1.jar:5.10.1]
	at org.junit.jupiter.engine.execution.InvocationInterceptorChain.proceed(InvocationInterceptorChain.java:64) ~[junit-jupiter-engine-5.10.1.jar:5.10.1]
	at org.junit.jupiter.engine.execution.InvocationInterceptorChain.chainAndInvoke(InvocationInterceptorChain.java:45) ~[junit-jupiter-engine-5.10.1.jar:5.10.1]
	at org.junit.jupiter.engine.execution.InvocationInterceptorChain.invoke(InvocationInterceptorChain.java:37) ~[junit-jupiter-engine-5.10.1.jar:5.10.1]
	at org.junit.jupiter.engine.execution.InterceptingExecutableInvoker.invoke(InterceptingExecutableInvoker.java:92) ~[junit-jupiter-engine-5.10.1.jar:5.10.1]
	at org.junit.jupiter.engine.execution.InterceptingExecutableInvoker.invoke(InterceptingExecutableInvoker.java:86) ~[junit-jupiter-engine-5.10.1.jar:5.10.1]
	at org.junit.jupiter.engine.descriptor.TestMethodTestDescriptor.lambda$invokeTestMethod$7(TestMethodTestDescriptor.java:218) ~[junit-jupiter-engine-5.10.1.jar:5.10.1]
	at org.junit.platform.engine.support.hierarchical.ThrowableCollector.execute(ThrowableCollector.java:73) ~[junit-platform-engine-1.10.1.jar:1.10.1]
	at org.junit.jupiter.engine.descriptor.TestMethodTestDescriptor.invokeTestMethod(TestMethodTestDescriptor.java:214) ~[junit-jupiter-engine-5.10.1.jar:5.10.1]
	at org.junit.jupiter.engine.descriptor.TestMethodTestDescriptor.execute(TestMethodTestDescriptor.java:139) ~[junit-jupiter-engine-5.10.1.jar:5.10.1]
	at org.junit.jupiter.engine.descriptor.TestMethodTestDescriptor.execute(TestMethodTestDescriptor.java:69) ~[junit-jupiter-engine-5.10.1.jar:5.10.1]
	at org.junit.platform.engine.support.hierarchical.NodeTestTask.lambda$executeRecursively$6(NodeTestTask.java:151) ~[junit-platform-engine-1.10.1.jar:1.10.1]
	at org.junit.platform.engine.support.hierarchical.ThrowableCollector.execute(ThrowableCollector.java:73) ~[junit-platform-engine-1.10.1.jar:1.10.1]
	at org.junit.platform.engine.support.hierarchical.NodeTestTask.lambda$executeRecursively$8(NodeTestTask.java:141) ~[junit-platform-engine-1.10.1.jar:1.10.1]
	at org.junit.platform.engine.support.hierarchical.Node.around(Node.java:137) ~[junit-platform-engine-1.10.1.jar:1.10.1]
	at org.junit.platform.engine.support.hierarchical.NodeTestTask.lambda$executeRecursively$9(NodeTestTask.java:139) ~[junit-platform-engine-1.10.1.jar:1.10.1]
	at org.junit.platform.engine.support.hierarchical.ThrowableCollector.execute(ThrowableCollector.java:73) ~[junit-platform-engine-1.10.1.jar:1.10.1]
	at org.junit.platform.engine.support.hierarchical.NodeTestTask.executeRecursively(NodeTestTask.java:138) ~[junit-platform-engine-1.10.1.jar:1.10.1]
	at org.junit.platform.engine.support.hierarchical.NodeTestTask.execute(NodeTestTask.java:95) ~[junit-platform-engine-1.10.1.jar:1.10.1]
	at java.base/java.util.ArrayList.forEach(ArrayList.java:1511) ~[na:na]
	at org.junit.platform.engine.support.hierarchical.SameThreadHierarchicalTestExecutorService.invokeAll(SameThreadHierarchicalTestExecutorService.java:41) ~[junit-platform-engine-1.10.1.jar:1.10.1]
	at org.junit.platform.engine.support.hierarchical.NodeTestTask.lambda$executeRecursively$6(NodeTestTask.java:155) ~[junit-platform-engine-1.10.1.jar:1.10.1]
	at org.junit.platform.engine.support.hierarchical.ThrowableCollector.execute(ThrowableCollector.java:73) ~[junit-platform-engine-1.10.1.jar:1.10.1]
	at org.junit.platform.engine.support.hierarchical.NodeTestTask.lambda$executeRecursively$8(NodeTestTask.java:141) ~[junit-platform-engine-1.10.1.jar:1.10.1]
	at org.junit.platform.engine.support.hierarchical.Node.around(Node.java:137) ~[junit-platform-engine-1.10.1.jar:1.10.1]
	at org.junit.platform.engine.support.hierarchical.NodeTestTask.lambda$executeRecursively$9(NodeTestTask.java:139) ~[junit-platform-engine-1.10.1.jar:1.10.1]
	at org.junit.platform.engine.support.hierarchical.ThrowableCollector.execute(ThrowableCollector.java:73) ~[junit-platform-engine-1.10.1.jar:1.10.1]
	at org.junit.platform.engine.support.hierarchical.NodeTestTask.executeRecursively(NodeTestTask.java:138) ~[junit-platform-engine-1.10.1.jar:1.10.1]
	at org.junit.platform.engine.support.hierarchical.NodeTestTask.execute(NodeTestTask.java:95) ~[junit-platform-engine-1.10.1.jar:1.10.1]
	at java.base/java.util.ArrayList.forEach(ArrayList.java:1511) ~[na:na]
	at org.junit.platform.engine.support.hierarchical.SameThreadHierarchicalTestExecutorService.invokeAll(SameThreadHierarchicalTestExecutorService.java:41) ~[junit-platform-engine-1.10.1.jar:1.10.1]
	at org.junit.platform.engine.support.hierarchical.NodeTestTask.lambda$executeRecursively$6(NodeTestTask.java:155) ~[junit-platform-engine-1.10.1.jar:1.10.1]
	at org.junit.platform.engine.support.hierarchical.ThrowableCollector.execute(ThrowableCollector.java:73) ~[junit-platform-engine-1.10.1.jar:1.10.1]
	at org.junit.platform.engine.support.hierarchical.NodeTestTask.lambda$executeRecursively$8(NodeTestTask.java:141) ~[junit-platform-engine-1.10.1.jar:1.10.1]
	at org.junit.platform.engine.support.hierarchical.Node.around(Node.java:137) ~[junit-platform-engine-1.10.1.jar:1.10.1]
	at org.junit.platform.engine.support.hierarchical.NodeTestTask.lambda$executeRecursively$9(NodeTestTask.java:139) ~[junit-platform-engine-1.10.1.jar:1.10.1]
	at org.junit.platform.engine.support.hierarchical.ThrowableCollector.execute(ThrowableCollector.java:73) ~[junit-platform-engine-1.10.1.jar:1.10.1]
	at org.junit.platform.engine.support.hierarchical.NodeTestTask.executeRecursively(NodeTestTask.java:138) ~[junit-platform-engine-1.10.1.jar:1.10.1]
	at org.junit.platform.engine.support.hierarchical.NodeTestTask.execute(NodeTestTask.java:95) ~[junit-platform-engine-1.10.1.jar:1.10.1]
	at org.junit.platform.engine.support.hierarchical.SameThreadHierarchicalTestExecutorService.submit(SameThreadHierarchicalTestExecutorService.java:35) ~[junit-platform-engine-1.10.1.jar:1.10.1]
	at org.junit.platform.engine.support.hierarchical.HierarchicalTestExecutor.execute(HierarchicalTestExecutor.java:57) ~[junit-platform-engine-1.10.1.jar:1.10.1]
	at org.junit.platform.engine.support.hierarchical.HierarchicalTestEngine.execute(HierarchicalTestEngine.java:54) ~[junit-platform-engine-1.10.1.jar:1.10.1]
	at org.junit.platform.launcher.core.EngineExecutionOrchestrator.execute(EngineExecutionOrchestrator.java:198) ~[junit-platform-launcher-1.10.1.jar:1.10.1]
	at org.junit.platform.launcher.core.EngineExecutionOrchestrator.execute(EngineExecutionOrchestrator.java:169) ~[junit-platform-launcher-1.10.1.jar:1.10.1]
	at org.junit.platform.launcher.core.EngineExecutionOrchestrator.execute(EngineExecutionOrchestrator.java:93) ~[junit-platform-launcher-1.10.1.jar:1.10.1]
	at org.junit.platform.launcher.core.EngineExecutionOrchestrator.lambda$execute$0(EngineExecutionOrchestrator.java:58) ~[junit-platform-launcher-1.10.1.jar:1.10.1]
	at org.junit.platform.launcher.core.EngineExecutionOrchestrator.withInterceptedStreams(EngineExecutionOrchestrator.java:141) ~[junit-platform-launcher-1.10.1.jar:1.10.1]
	at org.junit.platform.launcher.core.EngineExecutionOrchestrator.execute(EngineExecutionOrchestrator.java:57) ~[junit-platform-launcher-1.10.1.jar:1.10.1]
	at org.junit.platform.launcher.core.DefaultLauncher.execute(DefaultLauncher.java:103) ~[junit-platform-launcher-1.10.1.jar:1.10.1]
	at org.junit.platform.launcher.core.DefaultLauncher.execute(DefaultLauncher.java:85) ~[junit-platform-launcher-1.10.1.jar:1.10.1]
	at org.junit.platform.launcher.core.DelegatingLauncher.execute(DelegatingLauncher.java:47) ~[junit-platform-launcher-1.10.1.jar:1.10.1]
	at org.apache.maven.surefire.junitplatform.LazyLauncher.execute(LazyLauncher.java:56) ~[surefire-junit-platform-3.1.2.jar:3.1.2]
	at org.apache.maven.surefire.junitplatform.JUnitPlatformProvider.execute(JUnitPlatformProvider.java:184) ~[surefire-junit-platform-3.1.2.jar:3.1.2]
	at org.apache.maven.surefire.junitplatform.JUnitPlatformProvider.invokeAllTests(JUnitPlatformProvider.java:148) ~[surefire-junit-platform-3.1.2.jar:3.1.2]
	at org.apache.maven.surefire.junitplatform.JUnitPlatformProvider.invoke(JUnitPlatformProvider.java:122) ~[surefire-junit-platform-3.1.2.jar:3.1.2]
	at org.apache.maven.surefire.booter.ForkedBooter.runSuitesInProcess(ForkedBooter.java:385) ~[surefire-booter-3.1.2.jar:3.1.2]
	at org.apache.maven.surefire.booter.ForkedBooter.execute(ForkedBooter.java:162) ~[surefire-booter-3.1.2.jar:3.1.2]
	at org.apache.maven.surefire.booter.ForkedBooter.run(ForkedBooter.java:507) ~[surefire-booter-3.1.2.jar:3.1.2]
	at org.apache.maven.surefire.booter.ForkedBooter.main(ForkedBooter.java:495) ~[surefire-booter-3.1.2.jar:3.1.2]

]]></system-out>
  </testcase>
  <testcase name="shouldReturnVehiclesByBrandWhenValidBrandProvided" classname="com.renault.garage.controller.VehicleControllerIntegrationTest" time="0.011">
    <system-out><![CDATA[2025-06-21T21:04:30.153+02:00  INFO 33435 --- [           main] o.s.b.t.m.w.SpringBootMockServletContext : Initializing Spring TestDispatcherServlet ''
2025-06-21T21:04:30.153+02:00  INFO 33435 --- [           main] o.s.t.web.servlet.TestDispatcherServlet  : Initializing Servlet ''
2025-06-21T21:04:30.154+02:00  INFO 33435 --- [           main] o.s.t.web.servlet.TestDispatcherServlet  : Completed initialization in 1 ms
2025-06-21T21:04:30.154+02:00 DEBUG 33435 --- [           main] org.hibernate.SQL                        : 
    insert 
    into
        garages
        (address, email, name, phone, id) 
    values
        (?, ?, ?, ?, default)
Hibernate: 
    insert 
    into
        garages
        (address, email, name, phone, id) 
    values
        (?, ?, ?, ?, default)
2025-06-21T21:04:30.155+02:00 DEBUG 33435 --- [           main] org.hibernate.SQL                        : 
    insert 
    into
        vehicles
        (brand, fuel_type, manufacture_year, id) 
    values
        (?, ?, ?, default)
Hibernate: 
    insert 
    into
        vehicles
        (brand, fuel_type, manufacture_year, id) 
    values
        (?, ?, ?, default)
2025-06-21T21:04:30.156+02:00 DEBUG 33435 --- [           main] org.hibernate.SQL                        : 
    insert 
    into
        garage_vehicle
        (garage_id, quantity, vehicle_id, id) 
    values
        (?, ?, ?, default)
Hibernate: 
    insert 
    into
        garage_vehicle
        (garage_id, quantity, vehicle_id, id) 
    values
        (?, ?, ?, default)
2025-06-21T21:04:30.157+02:00 DEBUG 33435 --- [           main] org.hibernate.SQL                        : 
    insert 
    into
        vehicles
        (brand, fuel_type, manufacture_year, id) 
    values
        (?, ?, ?, default)
Hibernate: 
    insert 
    into
        vehicles
        (brand, fuel_type, manufacture_year, id) 
    values
        (?, ?, ?, default)
2025-06-21T21:04:30.158+02:00 DEBUG 33435 --- [           main] org.hibernate.SQL                        : 
    insert 
    into
        garage_vehicle
        (garage_id, quantity, vehicle_id, id) 
    values
        (?, ?, ?, default)
Hibernate: 
    insert 
    into
        garage_vehicle
        (garage_id, quantity, vehicle_id, id) 
    values
        (?, ?, ?, default)
2025-06-21T21:04:30.159+02:00  INFO 33435 --- [ad | producer-1] c.r.g.s.impl.VehicleEventPublisherImpl   : Vehicle event sent successfully to topic vehicle-events: vehicleId=6
2025-06-21T21:04:30.160+02:00 DEBUG 33435 --- [           main] org.hibernate.SQL                        : 
    select
        v1_0.id,
        v1_0.brand,
        v1_0.fuel_type,
        v1_0.manufacture_year 
    from
        vehicles v1_0 
    where
        upper(v1_0.brand)=upper(?)
Hibernate: 
    select
        v1_0.id,
        v1_0.brand,
        v1_0.fuel_type,
        v1_0.manufacture_year 
    from
        vehicles v1_0 
    where
        upper(v1_0.brand)=upper(?)
2025-06-21T21:04:30.161+02:00  INFO 33435 --- [ad | producer-1] c.r.g.s.impl.VehicleEventPublisherImpl   : Vehicle event sent successfully to topic vehicle-events: vehicleId=7
2025-06-21T21:04:30.161+02:00  INFO 33435 --- [ntainer#0-0-C-1] c.r.g.s.impl.VehicleEventConsumerImpl    : Vehicle event received: 6 Renault
2025-06-21T21:04:30.162+02:00  INFO 33435 --- [ntainer#0-0-C-1] c.r.g.s.impl.VehicleEventConsumerImpl    : Vehicle event received: 7 Renault
]]></system-out>
  </testcase>
</testsuite>